{"/Users/artem_reva/projects/wordspark-linguify-learn/postcss.config.js": {"path":"/Users/artem_reva/projects/wordspark-linguify-learn/postcss.config.js","all":true,"statementMap":{"0":{"start":{"line":1,"column":0},"end":{"line":1,"column":16}},"1":{"start":{"line":2,"column":0},"end":{"line":2,"column":12}},"2":{"start":{"line":3,"column":0},"end":{"line":3,"column":20}},"3":{"start":{"line":4,"column":0},"end":{"line":4,"column":21}},"4":{"start":{"line":5,"column":0},"end":{"line":5,"column":4}},"5":{"start":{"line":6,"column":0},"end":{"line":6,"column":1}}},"s":{"0":0,"1":0,"2":0,"3":0,"4":0,"5":0},"branchMap":{"0":{"type":"branch","line":1,"loc":{"start":{"line":1,"column":79},"end":{"line":6,"column":1}},"locations":[{"start":{"line":1,"column":79},"end":{"line":6,"column":1}}]}},"b":{"0":[0]},"fnMap":{"0":{"name":"(empty-report)","decl":{"start":{"line":1,"column":79},"end":{"line":6,"column":1}},"loc":{"start":{"line":1,"column":79},"end":{"line":6,"column":1}},"line":1}},"f":{"0":0}}
,"/Users/artem_reva/projects/wordspark-linguify-learn/tailwind.config.ts": {"path":"/Users/artem_reva/projects/wordspark-linguify-learn/tailwind.config.ts","all":true,"statementMap":{"2":{"start":{"line":3,"column":0},"end":{"line":3,"column":16}},"3":{"start":{"line":4,"column":0},"end":{"line":4,"column":21}},"4":{"start":{"line":5,"column":0},"end":{"line":5,"column":11}},"5":{"start":{"line":6,"column":0},"end":{"line":6,"column":26}},"6":{"start":{"line":7,"column":0},"end":{"line":7,"column":31}},"7":{"start":{"line":8,"column":0},"end":{"line":8,"column":24}},"8":{"start":{"line":9,"column":0},"end":{"line":9,"column":24}},"9":{"start":{"line":10,"column":0},"end":{"line":10,"column":3}},"10":{"start":{"line":11,"column":0},"end":{"line":11,"column":12}},"11":{"start":{"line":12,"column":0},"end":{"line":12,"column":9}},"12":{"start":{"line":13,"column":0},"end":{"line":13,"column":14}},"13":{"start":{"line":14,"column":0},"end":{"line":14,"column":16}},"14":{"start":{"line":15,"column":0},"end":{"line":15,"column":19}},"15":{"start":{"line":16,"column":0},"end":{"line":16,"column":13}},"16":{"start":{"line":17,"column":0},"end":{"line":17,"column":19}},"17":{"start":{"line":18,"column":0},"end":{"line":18,"column":4}},"18":{"start":{"line":19,"column":0},"end":{"line":19,"column":4}},"19":{"start":{"line":20,"column":0},"end":{"line":20,"column":11}},"20":{"start":{"line":21,"column":0},"end":{"line":21,"column":12}},"21":{"start":{"line":22,"column":0},"end":{"line":22,"column":33}},"22":{"start":{"line":23,"column":0},"end":{"line":23,"column":31}},"23":{"start":{"line":24,"column":0},"end":{"line":24,"column":29}},"24":{"start":{"line":25,"column":0},"end":{"line":25,"column":41}},"25":{"start":{"line":26,"column":0},"end":{"line":26,"column":41}},"26":{"start":{"line":27,"column":0},"end":{"line":27,"column":14}},"27":{"start":{"line":28,"column":0},"end":{"line":28,"column":36}},"28":{"start":{"line":29,"column":0},"end":{"line":29,"column":49}},"29":{"start":{"line":30,"column":0},"end":{"line":30,"column":6}},"30":{"start":{"line":31,"column":0},"end":{"line":31,"column":16}},"31":{"start":{"line":32,"column":0},"end":{"line":32,"column":38}},"32":{"start":{"line":33,"column":0},"end":{"line":33,"column":51}},"33":{"start":{"line":34,"column":0},"end":{"line":34,"column":6}},"34":{"start":{"line":35,"column":0},"end":{"line":35,"column":18}},"35":{"start":{"line":36,"column":0},"end":{"line":36,"column":40}},"36":{"start":{"line":37,"column":0},"end":{"line":37,"column":53}},"37":{"start":{"line":38,"column":0},"end":{"line":38,"column":6}},"38":{"start":{"line":39,"column":0},"end":{"line":39,"column":12}},"39":{"start":{"line":40,"column":0},"end":{"line":40,"column":34}},"40":{"start":{"line":41,"column":0},"end":{"line":41,"column":47}},"41":{"start":{"line":42,"column":0},"end":{"line":42,"column":6}},"42":{"start":{"line":43,"column":0},"end":{"line":43,"column":13}},"43":{"start":{"line":44,"column":0},"end":{"line":44,"column":35}},"44":{"start":{"line":45,"column":0},"end":{"line":45,"column":48}},"45":{"start":{"line":46,"column":0},"end":{"line":46,"column":6}},"46":{"start":{"line":47,"column":0},"end":{"line":47,"column":14}},"47":{"start":{"line":48,"column":0},"end":{"line":48,"column":36}},"48":{"start":{"line":49,"column":0},"end":{"line":49,"column":49}},"49":{"start":{"line":50,"column":0},"end":{"line":50,"column":6}},"50":{"start":{"line":51,"column":0},"end":{"line":51,"column":11}},"51":{"start":{"line":52,"column":0},"end":{"line":52,"column":33}},"52":{"start":{"line":53,"column":0},"end":{"line":53,"column":46}},"53":{"start":{"line":54,"column":0},"end":{"line":54,"column":6}},"54":{"start":{"line":55,"column":0},"end":{"line":55,"column":14}},"55":{"start":{"line":56,"column":0},"end":{"line":56,"column":47}},"56":{"start":{"line":57,"column":0},"end":{"line":57,"column":50}},"57":{"start":{"line":58,"column":0},"end":{"line":58,"column":44}},"58":{"start":{"line":59,"column":0},"end":{"line":59,"column":68}},"59":{"start":{"line":60,"column":0},"end":{"line":60,"column":42}},"60":{"start":{"line":61,"column":0},"end":{"line":61,"column":66}},"61":{"start":{"line":62,"column":0},"end":{"line":62,"column":42}},"62":{"start":{"line":63,"column":0},"end":{"line":63,"column":37}},"63":{"start":{"line":64,"column":0},"end":{"line":64,"column":5}},"64":{"start":{"line":65,"column":0},"end":{"line":65,"column":5}},"65":{"start":{"line":66,"column":0},"end":{"line":66,"column":18}},"66":{"start":{"line":67,"column":0},"end":{"line":67,"column":24}},"67":{"start":{"line":68,"column":0},"end":{"line":68,"column":36}},"68":{"start":{"line":69,"column":0},"end":{"line":69,"column":35}},"69":{"start":{"line":70,"column":0},"end":{"line":70,"column":5}},"70":{"start":{"line":71,"column":0},"end":{"line":71,"column":15}},"71":{"start":{"line":72,"column":0},"end":{"line":72,"column":23}},"72":{"start":{"line":73,"column":0},"end":{"line":73,"column":12}},"73":{"start":{"line":74,"column":0},"end":{"line":74,"column":17}},"74":{"start":{"line":75,"column":0},"end":{"line":75,"column":7}},"75":{"start":{"line":76,"column":0},"end":{"line":76,"column":10}},"76":{"start":{"line":77,"column":0},"end":{"line":77,"column":53}},"77":{"start":{"line":78,"column":0},"end":{"line":78,"column":6}},"78":{"start":{"line":79,"column":0},"end":{"line":79,"column":6}},"79":{"start":{"line":80,"column":0},"end":{"line":80,"column":21}},"80":{"start":{"line":81,"column":0},"end":{"line":81,"column":12}},"81":{"start":{"line":82,"column":0},"end":{"line":82,"column":53}},"82":{"start":{"line":83,"column":0},"end":{"line":83,"column":7}},"83":{"start":{"line":84,"column":0},"end":{"line":84,"column":10}},"84":{"start":{"line":85,"column":0},"end":{"line":85,"column":17}},"85":{"start":{"line":86,"column":0},"end":{"line":86,"column":6}},"86":{"start":{"line":87,"column":0},"end":{"line":87,"column":5}},"87":{"start":{"line":88,"column":0},"end":{"line":88,"column":5}},"88":{"start":{"line":89,"column":0},"end":{"line":89,"column":15}},"89":{"start":{"line":90,"column":0},"end":{"line":90,"column":53}},"90":{"start":{"line":91,"column":0},"end":{"line":91,"column":48}},"91":{"start":{"line":92,"column":0},"end":{"line":92,"column":4}},"92":{"start":{"line":93,"column":0},"end":{"line":93,"column":3}},"93":{"start":{"line":94,"column":0},"end":{"line":94,"column":3}},"94":{"start":{"line":95,"column":0},"end":{"line":95,"column":43}},"95":{"start":{"line":96,"column":0},"end":{"line":96,"column":19}}},"s":{"2":0,"3":0,"4":0,"5":0,"6":0,"7":0,"8":0,"9":0,"10":0,"11":0,"12":0,"13":0,"14":0,"15":0,"16":0,"17":0,"18":0,"19":0,"20":0,"21":0,"22":0,"23":0,"24":0,"25":0,"26":0,"27":0,"28":0,"29":0,"30":0,"31":0,"32":0,"33":0,"34":0,"35":0,"36":0,"37":0,"38":0,"39":0,"40":0,"41":0,"42":0,"43":0,"44":0,"45":0,"46":0,"47":0,"48":0,"49":0,"50":0,"51":0,"52":0,"53":0,"54":0,"55":0,"56":0,"57":0,"58":0,"59":0,"60":0,"61":0,"62":0,"63":0,"64":0,"65":0,"66":0,"67":0,"68":0,"69":0,"70":0,"71":0,"72":0,"73":0,"74":0,"75":0,"76":0,"77":0,"78":0,"79":0,"80":0,"81":0,"82":0,"83":0,"84":0,"85":0,"86":0,"87":0,"88":0,"89":0,"90":0,"91":0,"92":0,"93":0,"94":0,"95":0},"branchMap":{"0":{"type":"branch","line":1,"loc":{"start":{"line":1,"column":2347},"end":{"line":96,"column":19}},"locations":[{"start":{"line":1,"column":2347},"end":{"line":96,"column":19}}]}},"b":{"0":[1]},"fnMap":{"0":{"name":"(empty-report)","decl":{"start":{"line":1,"column":2347},"end":{"line":96,"column":19}},"loc":{"start":{"line":1,"column":2347},"end":{"line":96,"column":19}},"line":1}},"f":{"0":1}}
,"/Users/artem_reva/projects/wordspark-linguify-learn/src/App.tsx": {"path":"/Users/artem_reva/projects/wordspark-linguify-learn/src/App.tsx","all":true,"statementMap":{"1":{"start":{"line":2,"column":0},"end":{"line":2,"column":50}},"2":{"start":{"line":3,"column":0},"end":{"line":3,"column":59}},"3":{"start":{"line":4,"column":0},"end":{"line":4,"column":58}},"4":{"start":{"line":5,"column":0},"end":{"line":5,"column":73}},"5":{"start":{"line":6,"column":0},"end":{"line":6,"column":64}},"6":{"start":{"line":7,"column":0},"end":{"line":7,"column":63}},"7":{"start":{"line":8,"column":0},"end":{"line":8,"column":50}},"8":{"start":{"line":9,"column":0},"end":{"line":9,"column":42}},"9":{"start":{"line":10,"column":0},"end":{"line":10,"column":40}},"11":{"start":{"line":12,"column":0},"end":{"line":12,"column":38}},"13":{"start":{"line":14,"column":0},"end":{"line":14,"column":26}},"14":{"start":{"line":15,"column":0},"end":{"line":15,"column":38}},"16":{"start":{"line":17,"column":0},"end":{"line":17,"column":16}},"17":{"start":{"line":18,"column":0},"end":{"line":18,"column":12}},"18":{"start":{"line":19,"column":0},"end":{"line":19,"column":69}},"19":{"start":{"line":20,"column":0},"end":{"line":20,"column":94}},"22":{"start":{"line":23,"column":0},"end":{"line":23,"column":3}},"24":{"start":{"line":25,"column":0},"end":{"line":25,"column":14}},"25":{"start":{"line":26,"column":0},"end":{"line":26,"column":24}},"26":{"start":{"line":27,"column":0},"end":{"line":27,"column":3}},"28":{"start":{"line":29,"column":0},"end":{"line":29,"column":10}},"29":{"start":{"line":30,"column":0},"end":{"line":30,"column":12}},"30":{"start":{"line":31,"column":0},"end":{"line":31,"column":48}},"31":{"start":{"line":32,"column":0},"end":{"line":32,"column":47}},"34":{"start":{"line":35,"column":0},"end":{"line":35,"column":2}},"36":{"start":{"line":37,"column":0},"end":{"line":37,"column":19}},"37":{"start":{"line":38,"column":0},"end":{"line":38,"column":44}},"38":{"start":{"line":39,"column":0},"end":{"line":39,"column":18}},"39":{"start":{"line":40,"column":0},"end":{"line":40,"column":23}},"40":{"start":{"line":41,"column":0},"end":{"line":41,"column":23}},"41":{"start":{"line":42,"column":0},"end":{"line":42,"column":21}},"42":{"start":{"line":43,"column":0},"end":{"line":43,"column":20}},"43":{"start":{"line":44,"column":0},"end":{"line":44,"column":24}},"50":{"start":{"line":51,"column":0},"end":{"line":51,"column":19}}},"s":{"1":0,"2":0,"3":0,"4":0,"5":0,"6":0,"7":0,"8":0,"9":0,"11":0,"13":0,"14":0,"16":0,"17":0,"18":0,"19":0,"22":0,"24":0,"25":0,"26":0,"28":0,"29":0,"30":0,"31":0,"34":0,"36":0,"37":0,"38":0,"39":0,"40":0,"41":0,"42":0,"43":0,"50":0},"branchMap":{"0":{"type":"branch","line":1,"loc":{"start":{"line":1,"column":1344},"end":{"line":51,"column":19}},"locations":[{"start":{"line":1,"column":1344},"end":{"line":51,"column":19}}]}},"b":{"0":[1]},"fnMap":{"0":{"name":"(empty-report)","decl":{"start":{"line":1,"column":1344},"end":{"line":51,"column":19}},"loc":{"start":{"line":1,"column":1344},"end":{"line":51,"column":19}},"line":1}},"f":{"0":1}}
,"/Users/artem_reva/projects/wordspark-linguify-learn/src/main.tsx": {"path":"/Users/artem_reva/projects/wordspark-linguify-learn/src/main.tsx","all":true,"statementMap":{"0":{"start":{"line":1,"column":0},"end":{"line":1,"column":45}},"1":{"start":{"line":2,"column":0},"end":{"line":2,"column":27}},"2":{"start":{"line":3,"column":0},"end":{"line":3,"column":20}},"4":{"start":{"line":5,"column":0},"end":{"line":5,"column":36}},"5":{"start":{"line":6,"column":0},"end":{"line":6,"column":34}},"7":{"start":{"line":8,"column":0},"end":{"line":8,"column":61}}},"s":{"0":0,"1":0,"2":0,"4":0,"5":0,"7":0},"branchMap":{"0":{"type":"branch","line":1,"loc":{"start":{"line":1,"column":230},"end":{"line":8,"column":61}},"locations":[{"start":{"line":1,"column":230},"end":{"line":8,"column":61}}]}},"b":{"0":[0]},"fnMap":{"0":{"name":"(empty-report)","decl":{"start":{"line":1,"column":230},"end":{"line":8,"column":61}},"loc":{"start":{"line":1,"column":230},"end":{"line":8,"column":61}},"line":1}},"f":{"0":0}}
,"/Users/artem_reva/projects/wordspark-linguify-learn/src/components/CreateVocabulary.tsx": {"path":"/Users/artem_reva/projects/wordspark-linguify-learn/src/components/CreateVocabulary.tsx","all":false,"statementMap":{"0":{"start":{"line":1,"column":0},"end":{"line":1,"column":40}},"1":{"start":{"line":2,"column":0},"end":{"line":2,"column":80}},"2":{"start":{"line":3,"column":0},"end":{"line":3,"column":48}},"3":{"start":{"line":4,"column":0},"end":{"line":4,"column":46}},"4":{"start":{"line":5,"column":0},"end":{"line":5,"column":46}},"5":{"start":{"line":6,"column":0},"end":{"line":6,"column":8}},"12":{"start":{"line":13,"column":0},"end":{"line":13,"column":8}},"20":{"start":{"line":21,"column":0},"end":{"line":21,"column":60}},"21":{"start":{"line":22,"column":0},"end":{"line":22,"column":64}},"22":{"start":{"line":23,"column":0},"end":{"line":23,"column":68}},"23":{"start":{"line":24,"column":0},"end":{"line":24,"column":58}},"24":{"start":{"line":25,"column":0},"end":{"line":25,"column":49}},"25":{"start":{"line":26,"column":0},"end":{"line":26,"column":87}},"26":{"start":{"line":27,"column":0},"end":{"line":27,"column":54}},"27":{"start":{"line":28,"column":0},"end":{"line":28,"column":45}},"28":{"start":{"line":29,"column":0},"end":{"line":29,"column":87}},"45":{"start":{"line":46,"column":0},"end":{"line":46,"column":27}},"46":{"start":{"line":47,"column":0},"end":{"line":47,"column":9}},"47":{"start":{"line":48,"column":0},"end":{"line":48,"column":18}},"48":{"start":{"line":49,"column":0},"end":{"line":49,"column":14}},"49":{"start":{"line":50,"column":0},"end":{"line":50,"column":30}},"50":{"start":{"line":51,"column":0},"end":{"line":51,"column":29}},"51":{"start":{"line":52,"column":0},"end":{"line":52,"column":31}},"52":{"start":{"line":53,"column":0},"end":{"line":53,"column":39}},"53":{"start":{"line":54,"column":0},"end":{"line":54,"column":78}},"54":{"start":{"line":55,"column":0},"end":{"line":55,"column":8}},"56":{"start":{"line":57,"column":0},"end":{"line":57,"column":41}},"57":{"start":{"line":58,"column":0},"end":{"line":58,"column":41}},"58":{"start":{"line":59,"column":0},"end":{"line":59,"column":69}},"59":{"start":{"line":60,"column":0},"end":{"line":60,"column":69}},"60":{"start":{"line":61,"column":0},"end":{"line":61,"column":74}},"61":{"start":{"line":62,"column":0},"end":{"line":62,"column":58}},"62":{"start":{"line":63,"column":0},"end":{"line":63,"column":34}},"63":{"start":{"line":64,"column":0},"end":{"line":64,"column":5}},"65":{"start":{"line":66,"column":0},"end":{"line":66,"column":31}},"66":{"start":{"line":67,"column":0},"end":{"line":67,"column":9}},"67":{"start":{"line":68,"column":0},"end":{"line":68,"column":14}},"68":{"start":{"line":69,"column":0},"end":{"line":69,"column":30}},"69":{"start":{"line":70,"column":0},"end":{"line":70,"column":26}},"70":{"start":{"line":71,"column":0},"end":{"line":71,"column":19}},"71":{"start":{"line":72,"column":0},"end":{"line":72,"column":36}},"72":{"start":{"line":73,"column":0},"end":{"line":73,"column":25}},"74":{"start":{"line":75,"column":0},"end":{"line":75,"column":19}},"75":{"start":{"line":76,"column":0},"end":{"line":76,"column":31}},"76":{"start":{"line":77,"column":0},"end":{"line":77,"column":23}},"77":{"start":{"line":78,"column":0},"end":{"line":78,"column":5}},"78":{"start":{"line":79,"column":0},"end":{"line":79,"column":44}},"80":{"start":{"line":81,"column":0},"end":{"line":81,"column":46}},"81":{"start":{"line":82,"column":0},"end":{"line":82,"column":19}},"82":{"start":{"line":83,"column":0},"end":{"line":83,"column":57}},"83":{"start":{"line":84,"column":0},"end":{"line":84,"column":29}},"84":{"start":{"line":85,"column":0},"end":{"line":85,"column":69}},"85":{"start":{"line":86,"column":0},"end":{"line":86,"column":28}},"86":{"start":{"line":87,"column":0},"end":{"line":87,"column":49}},"87":{"start":{"line":88,"column":0},"end":{"line":88,"column":7}},"88":{"start":{"line":89,"column":0},"end":{"line":89,"column":5}},"89":{"start":{"line":90,"column":0},"end":{"line":90,"column":47}},"91":{"start":{"line":92,"column":0},"end":{"line":92,"column":46}},"92":{"start":{"line":93,"column":0},"end":{"line":93,"column":19}},"93":{"start":{"line":94,"column":0},"end":{"line":94,"column":76}},"94":{"start":{"line":95,"column":0},"end":{"line":95,"column":78}},"95":{"start":{"line":96,"column":0},"end":{"line":96,"column":78}},"96":{"start":{"line":97,"column":0},"end":{"line":97,"column":52}},"97":{"start":{"line":98,"column":0},"end":{"line":98,"column":14}},"98":{"start":{"line":99,"column":0},"end":{"line":99,"column":68}},"99":{"start":{"line":100,"column":0},"end":{"line":100,"column":49}},"100":{"start":{"line":101,"column":0},"end":{"line":101,"column":49}},"102":{"start":{"line":103,"column":0},"end":{"line":103,"column":32}},"103":{"start":{"line":104,"column":0},"end":{"line":104,"column":53}},"104":{"start":{"line":105,"column":0},"end":{"line":105,"column":9}},"105":{"start":{"line":106,"column":0},"end":{"line":106,"column":75}},"106":{"start":{"line":107,"column":0},"end":{"line":107,"column":59}},"107":{"start":{"line":108,"column":0},"end":{"line":108,"column":7}},"108":{"start":{"line":109,"column":0},"end":{"line":109,"column":5}},"109":{"start":{"line":110,"column":0},"end":{"line":110,"column":139}},"111":{"start":{"line":112,"column":0},"end":{"line":112,"column":53}},"112":{"start":{"line":113,"column":0},"end":{"line":113,"column":80}},"113":{"start":{"line":114,"column":0},"end":{"line":114,"column":8}},"115":{"start":{"line":116,"column":0},"end":{"line":116,"column":76}},"116":{"start":{"line":117,"column":0},"end":{"line":117,"column":64}},"117":{"start":{"line":118,"column":0},"end":{"line":118,"column":58}},"118":{"start":{"line":119,"column":0},"end":{"line":119,"column":72}},"119":{"start":{"line":120,"column":0},"end":{"line":120,"column":13}},"122":{"start":{"line":123,"column":0},"end":{"line":123,"column":50}},"123":{"start":{"line":124,"column":0},"end":{"line":124,"column":29}},"124":{"start":{"line":125,"column":0},"end":{"line":125,"column":49}},"125":{"start":{"line":126,"column":0},"end":{"line":126,"column":47}},"126":{"start":{"line":127,"column":0},"end":{"line":127,"column":14}},"127":{"start":{"line":128,"column":0},"end":{"line":128,"column":49}},"128":{"start":{"line":129,"column":0},"end":{"line":129,"column":47}},"129":{"start":{"line":130,"column":0},"end":{"line":130,"column":14}},"131":{"start":{"line":132,"column":0},"end":{"line":132,"column":62}},"132":{"start":{"line":133,"column":0},"end":{"line":133,"column":30}},"133":{"start":{"line":134,"column":0},"end":{"line":134,"column":9}},"134":{"start":{"line":135,"column":0},"end":{"line":135,"column":17}},"135":{"start":{"line":136,"column":0},"end":{"line":136,"column":18}},"136":{"start":{"line":137,"column":0},"end":{"line":137,"column":75}},"137":{"start":{"line":138,"column":0},"end":{"line":138,"column":75}},"138":{"start":{"line":139,"column":0},"end":{"line":139,"column":35}},"139":{"start":{"line":140,"column":0},"end":{"line":140,"column":12}},"140":{"start":{"line":141,"column":0},"end":{"line":141,"column":9}},"143":{"start":{"line":144,"column":0},"end":{"line":144,"column":29}},"144":{"start":{"line":145,"column":0},"end":{"line":145,"column":18}},"145":{"start":{"line":146,"column":0},"end":{"line":146,"column":6}},"146":{"start":{"line":147,"column":0},"end":{"line":147,"column":26}},"147":{"start":{"line":148,"column":0},"end":{"line":148,"column":42}},"148":{"start":{"line":149,"column":0},"end":{"line":149,"column":87}},"149":{"start":{"line":150,"column":0},"end":{"line":150,"column":13}},"150":{"start":{"line":151,"column":0},"end":{"line":151,"column":26}},"151":{"start":{"line":152,"column":0},"end":{"line":152,"column":84}},"152":{"start":{"line":153,"column":0},"end":{"line":153,"column":9}},"153":{"start":{"line":154,"column":0},"end":{"line":154,"column":6}},"154":{"start":{"line":155,"column":0},"end":{"line":155,"column":30}},"155":{"start":{"line":156,"column":0},"end":{"line":156,"column":13}},"156":{"start":{"line":157,"column":0},"end":{"line":157,"column":23}},"157":{"start":{"line":158,"column":0},"end":{"line":158,"column":35}},"158":{"start":{"line":159,"column":0},"end":{"line":159,"column":31}},"159":{"start":{"line":160,"column":0},"end":{"line":160,"column":9}},"160":{"start":{"line":161,"column":0},"end":{"line":161,"column":6}},"161":{"start":{"line":162,"column":0},"end":{"line":162,"column":5}},"163":{"start":{"line":164,"column":0},"end":{"line":164,"column":45}},"164":{"start":{"line":165,"column":0},"end":{"line":165,"column":77}},"165":{"start":{"line":166,"column":0},"end":{"line":166,"column":49}},"166":{"start":{"line":167,"column":0},"end":{"line":167,"column":50}},"167":{"start":{"line":168,"column":0},"end":{"line":168,"column":7}},"169":{"start":{"line":170,"column":0},"end":{"line":170,"column":62}},"170":{"start":{"line":171,"column":0},"end":{"line":171,"column":25}},"171":{"start":{"line":172,"column":0},"end":{"line":172,"column":9}},"172":{"start":{"line":173,"column":0},"end":{"line":173,"column":17}},"173":{"start":{"line":174,"column":0},"end":{"line":174,"column":17}},"174":{"start":{"line":175,"column":0},"end":{"line":175,"column":76}},"175":{"start":{"line":176,"column":0},"end":{"line":176,"column":78}},"176":{"start":{"line":177,"column":0},"end":{"line":177,"column":12}},"177":{"start":{"line":178,"column":0},"end":{"line":178,"column":9}},"180":{"start":{"line":181,"column":0},"end":{"line":181,"column":29}},"181":{"start":{"line":182,"column":0},"end":{"line":182,"column":54}},"182":{"start":{"line":183,"column":0},"end":{"line":183,"column":6}},"183":{"start":{"line":184,"column":0},"end":{"line":184,"column":44}},"184":{"start":{"line":185,"column":0},"end":{"line":185,"column":56}},"185":{"start":{"line":186,"column":0},"end":{"line":186,"column":37}},"186":{"start":{"line":187,"column":0},"end":{"line":187,"column":37}},"187":{"start":{"line":188,"column":0},"end":{"line":188,"column":29}},"188":{"start":{"line":189,"column":0},"end":{"line":189,"column":22}},"189":{"start":{"line":190,"column":0},"end":{"line":190,"column":9}},"190":{"start":{"line":191,"column":0},"end":{"line":191,"column":13}},"191":{"start":{"line":192,"column":0},"end":{"line":192,"column":38}},"192":{"start":{"line":193,"column":0},"end":{"line":193,"column":53}},"193":{"start":{"line":194,"column":0},"end":{"line":194,"column":9}},"194":{"start":{"line":195,"column":0},"end":{"line":195,"column":6}},"195":{"start":{"line":196,"column":0},"end":{"line":196,"column":41}},"196":{"start":{"line":197,"column":0},"end":{"line":197,"column":37}},"197":{"start":{"line":198,"column":0},"end":{"line":198,"column":37}},"198":{"start":{"line":199,"column":0},"end":{"line":199,"column":29}},"199":{"start":{"line":200,"column":0},"end":{"line":200,"column":22}},"200":{"start":{"line":201,"column":0},"end":{"line":201,"column":9}},"201":{"start":{"line":202,"column":0},"end":{"line":202,"column":13}},"202":{"start":{"line":203,"column":0},"end":{"line":203,"column":36}},"203":{"start":{"line":204,"column":0},"end":{"line":204,"column":65}},"204":{"start":{"line":205,"column":0},"end":{"line":205,"column":31}},"205":{"start":{"line":206,"column":0},"end":{"line":206,"column":9}},"206":{"start":{"line":207,"column":0},"end":{"line":207,"column":6}},"207":{"start":{"line":208,"column":0},"end":{"line":208,"column":5}},"209":{"start":{"line":210,"column":0},"end":{"line":210,"column":48}},"210":{"start":{"line":211,"column":0},"end":{"line":211,"column":29}},"211":{"start":{"line":212,"column":0},"end":{"line":212,"column":59}},"213":{"start":{"line":214,"column":0},"end":{"line":214,"column":26}},"214":{"start":{"line":215,"column":0},"end":{"line":215,"column":68}},"215":{"start":{"line":216,"column":0},"end":{"line":216,"column":29}},"216":{"start":{"line":217,"column":0},"end":{"line":217,"column":17}},"217":{"start":{"line":218,"column":0},"end":{"line":218,"column":16}},"218":{"start":{"line":219,"column":0},"end":{"line":219,"column":16}},"219":{"start":{"line":220,"column":0},"end":{"line":220,"column":86}},"220":{"start":{"line":221,"column":0},"end":{"line":221,"column":86}},"221":{"start":{"line":222,"column":0},"end":{"line":222,"column":30}},"222":{"start":{"line":223,"column":0},"end":{"line":223,"column":88}},"223":{"start":{"line":224,"column":0},"end":{"line":224,"column":55}},"224":{"start":{"line":225,"column":0},"end":{"line":225,"column":10}},"225":{"start":{"line":226,"column":0},"end":{"line":226,"column":17}},"226":{"start":{"line":227,"column":0},"end":{"line":227,"column":18}},"228":{"start":{"line":229,"column":0},"end":{"line":229,"column":39}},"230":{"start":{"line":231,"column":0},"end":{"line":231,"column":26}},"231":{"start":{"line":232,"column":0},"end":{"line":232,"column":37}},"232":{"start":{"line":233,"column":0},"end":{"line":233,"column":70}},"233":{"start":{"line":234,"column":0},"end":{"line":234,"column":25}},"234":{"start":{"line":235,"column":0},"end":{"line":235,"column":39}},"235":{"start":{"line":236,"column":0},"end":{"line":236,"column":33}},"236":{"start":{"line":237,"column":0},"end":{"line":237,"column":47}},"237":{"start":{"line":238,"column":0},"end":{"line":238,"column":12}},"239":{"start":{"line":240,"column":0},"end":{"line":240,"column":37}},"240":{"start":{"line":241,"column":0},"end":{"line":241,"column":52}},"241":{"start":{"line":242,"column":0},"end":{"line":242,"column":35}},"242":{"start":{"line":243,"column":0},"end":{"line":243,"column":33}},"244":{"start":{"line":245,"column":0},"end":{"line":245,"column":41}},"245":{"start":{"line":246,"column":0},"end":{"line":246,"column":7}},"247":{"start":{"line":248,"column":0},"end":{"line":248,"column":24}},"248":{"start":{"line":249,"column":0},"end":{"line":249,"column":6}},"249":{"start":{"line":250,"column":0},"end":{"line":250,"column":35}},"250":{"start":{"line":251,"column":0},"end":{"line":251,"column":71}},"251":{"start":{"line":252,"column":0},"end":{"line":252,"column":47}},"252":{"start":{"line":253,"column":0},"end":{"line":253,"column":80}},"253":{"start":{"line":254,"column":0},"end":{"line":254,"column":13}},"254":{"start":{"line":255,"column":0},"end":{"line":255,"column":35}},"255":{"start":{"line":256,"column":0},"end":{"line":256,"column":20}},"256":{"start":{"line":257,"column":0},"end":{"line":257,"column":88}},"257":{"start":{"line":258,"column":0},"end":{"line":258,"column":9}},"258":{"start":{"line":259,"column":0},"end":{"line":259,"column":108}},"259":{"start":{"line":260,"column":0},"end":{"line":260,"column":76}},"260":{"start":{"line":261,"column":0},"end":{"line":261,"column":6}},"261":{"start":{"line":262,"column":0},"end":{"line":262,"column":30}},"262":{"start":{"line":263,"column":0},"end":{"line":263,"column":35}},"263":{"start":{"line":264,"column":0},"end":{"line":264,"column":13}},"264":{"start":{"line":265,"column":0},"end":{"line":265,"column":23}},"265":{"start":{"line":266,"column":0},"end":{"line":266,"column":35}},"266":{"start":{"line":267,"column":0},"end":{"line":267,"column":31}},"267":{"start":{"line":268,"column":0},"end":{"line":268,"column":9}},"268":{"start":{"line":269,"column":0},"end":{"line":269,"column":6}},"269":{"start":{"line":270,"column":0},"end":{"line":270,"column":5}},"271":{"start":{"line":272,"column":0},"end":{"line":272,"column":50}},"272":{"start":{"line":273,"column":0},"end":{"line":273,"column":46}},"273":{"start":{"line":274,"column":0},"end":{"line":274,"column":16}},"274":{"start":{"line":275,"column":0},"end":{"line":275,"column":13}},"275":{"start":{"line":276,"column":0},"end":{"line":276,"column":23}},"276":{"start":{"line":277,"column":0},"end":{"line":277,"column":63}},"277":{"start":{"line":278,"column":0},"end":{"line":278,"column":31}},"278":{"start":{"line":279,"column":0},"end":{"line":279,"column":9}},"279":{"start":{"line":280,"column":0},"end":{"line":280,"column":13}},"280":{"start":{"line":281,"column":0},"end":{"line":281,"column":5}},"282":{"start":{"line":283,"column":0},"end":{"line":283,"column":47}},"283":{"start":{"line":284,"column":0},"end":{"line":284,"column":13}},"284":{"start":{"line":285,"column":0},"end":{"line":285,"column":23}},"285":{"start":{"line":286,"column":0},"end":{"line":286,"column":72}},"286":{"start":{"line":287,"column":0},"end":{"line":287,"column":31}},"287":{"start":{"line":288,"column":0},"end":{"line":288,"column":9}},"288":{"start":{"line":289,"column":0},"end":{"line":289,"column":13}},"289":{"start":{"line":290,"column":0},"end":{"line":290,"column":5}},"291":{"start":{"line":292,"column":0},"end":{"line":292,"column":60}},"292":{"start":{"line":293,"column":0},"end":{"line":293,"column":50}},"293":{"start":{"line":294,"column":0},"end":{"line":294,"column":4}},"295":{"start":{"line":296,"column":0},"end":{"line":296,"column":38}},"296":{"start":{"line":297,"column":0},"end":{"line":297,"column":24}},"297":{"start":{"line":298,"column":0},"end":{"line":298,"column":13}},"298":{"start":{"line":299,"column":0},"end":{"line":299,"column":23}},"299":{"start":{"line":300,"column":0},"end":{"line":300,"column":71}},"300":{"start":{"line":301,"column":0},"end":{"line":301,"column":31}},"301":{"start":{"line":302,"column":0},"end":{"line":302,"column":9}},"302":{"start":{"line":303,"column":0},"end":{"line":303,"column":13}},"303":{"start":{"line":304,"column":0},"end":{"line":304,"column":5}},"304":{"start":{"line":305,"column":0},"end":{"line":305,"column":47}},"305":{"start":{"line":306,"column":0},"end":{"line":306,"column":13}},"306":{"start":{"line":307,"column":0},"end":{"line":307,"column":23}},"307":{"start":{"line":308,"column":0},"end":{"line":308,"column":20}},"308":{"start":{"line":309,"column":0},"end":{"line":309,"column":76}},"309":{"start":{"line":310,"column":0},"end":{"line":310,"column":31}},"310":{"start":{"line":311,"column":0},"end":{"line":311,"column":9}},"311":{"start":{"line":312,"column":0},"end":{"line":312,"column":13}},"312":{"start":{"line":313,"column":0},"end":{"line":313,"column":5}},"313":{"start":{"line":314,"column":0},"end":{"line":314,"column":46}},"314":{"start":{"line":315,"column":0},"end":{"line":315,"column":13}},"315":{"start":{"line":316,"column":0},"end":{"line":316,"column":23}},"316":{"start":{"line":317,"column":0},"end":{"line":317,"column":20}},"317":{"start":{"line":318,"column":0},"end":{"line":318,"column":75}},"318":{"start":{"line":319,"column":0},"end":{"line":319,"column":31}},"319":{"start":{"line":320,"column":0},"end":{"line":320,"column":9}},"320":{"start":{"line":321,"column":0},"end":{"line":321,"column":13}},"321":{"start":{"line":322,"column":0},"end":{"line":322,"column":5}},"322":{"start":{"line":323,"column":0},"end":{"line":323,"column":40}},"323":{"start":{"line":324,"column":0},"end":{"line":324,"column":4}},"325":{"start":{"line":326,"column":0},"end":{"line":326,"column":29}},"326":{"start":{"line":327,"column":0},"end":{"line":327,"column":64}},"327":{"start":{"line":328,"column":0},"end":{"line":328,"column":4}},"329":{"start":{"line":330,"column":0},"end":{"line":330,"column":45}},"330":{"start":{"line":331,"column":0},"end":{"line":331,"column":31}},"331":{"start":{"line":332,"column":0},"end":{"line":332,"column":60}},"332":{"start":{"line":333,"column":0},"end":{"line":333,"column":5}},"333":{"start":{"line":334,"column":0},"end":{"line":334,"column":4}},"335":{"start":{"line":336,"column":0},"end":{"line":336,"column":26}},"336":{"start":{"line":337,"column":0},"end":{"line":337,"column":18}},"337":{"start":{"line":338,"column":0},"end":{"line":338,"column":34}},"338":{"start":{"line":339,"column":0},"end":{"line":339,"column":17}},"340":{"start":{"line":341,"column":0},"end":{"line":341,"column":35}},"341":{"start":{"line":342,"column":0},"end":{"line":342,"column":34}},"342":{"start":{"line":343,"column":0},"end":{"line":343,"column":26}},"343":{"start":{"line":344,"column":0},"end":{"line":344,"column":4}},"345":{"start":{"line":346,"column":0},"end":{"line":346,"column":48}},"346":{"start":{"line":347,"column":0},"end":{"line":347,"column":23}},"348":{"start":{"line":349,"column":0},"end":{"line":349,"column":41}},"349":{"start":{"line":350,"column":0},"end":{"line":350,"column":13}},"350":{"start":{"line":351,"column":0},"end":{"line":351,"column":23}},"351":{"start":{"line":352,"column":0},"end":{"line":352,"column":59}},"352":{"start":{"line":353,"column":0},"end":{"line":353,"column":31}},"353":{"start":{"line":354,"column":0},"end":{"line":354,"column":9}},"354":{"start":{"line":355,"column":0},"end":{"line":355,"column":13}},"355":{"start":{"line":356,"column":0},"end":{"line":356,"column":5}},"357":{"start":{"line":358,"column":0},"end":{"line":358,"column":47}},"358":{"start":{"line":359,"column":0},"end":{"line":359,"column":13}},"359":{"start":{"line":360,"column":0},"end":{"line":360,"column":23}},"360":{"start":{"line":361,"column":0},"end":{"line":361,"column":20}},"361":{"start":{"line":362,"column":0},"end":{"line":362,"column":76}},"362":{"start":{"line":363,"column":0},"end":{"line":363,"column":31}},"363":{"start":{"line":364,"column":0},"end":{"line":364,"column":9}},"364":{"start":{"line":365,"column":0},"end":{"line":365,"column":13}},"365":{"start":{"line":366,"column":0},"end":{"line":366,"column":5}},"367":{"start":{"line":368,"column":0},"end":{"line":368,"column":46}},"368":{"start":{"line":369,"column":0},"end":{"line":369,"column":13}},"369":{"start":{"line":370,"column":0},"end":{"line":370,"column":23}},"370":{"start":{"line":371,"column":0},"end":{"line":371,"column":20}},"371":{"start":{"line":372,"column":0},"end":{"line":372,"column":75}},"372":{"start":{"line":373,"column":0},"end":{"line":373,"column":31}},"373":{"start":{"line":374,"column":0},"end":{"line":374,"column":9}},"374":{"start":{"line":375,"column":0},"end":{"line":375,"column":13}},"375":{"start":{"line":376,"column":0},"end":{"line":376,"column":5}},"377":{"start":{"line":378,"column":0},"end":{"line":378,"column":40}},"378":{"start":{"line":379,"column":0},"end":{"line":379,"column":59}},"380":{"start":{"line":381,"column":0},"end":{"line":381,"column":34}},"381":{"start":{"line":382,"column":0},"end":{"line":382,"column":13}},"382":{"start":{"line":383,"column":0},"end":{"line":383,"column":23}},"383":{"start":{"line":384,"column":0},"end":{"line":384,"column":58}},"384":{"start":{"line":385,"column":0},"end":{"line":385,"column":31}},"385":{"start":{"line":386,"column":0},"end":{"line":386,"column":9}},"386":{"start":{"line":387,"column":0},"end":{"line":387,"column":13}},"387":{"start":{"line":388,"column":0},"end":{"line":388,"column":5}},"389":{"start":{"line":390,"column":0},"end":{"line":390,"column":38}},"390":{"start":{"line":391,"column":0},"end":{"line":391,"column":4}},"392":{"start":{"line":393,"column":0},"end":{"line":393,"column":41}},"393":{"start":{"line":394,"column":0},"end":{"line":394,"column":40}},"394":{"start":{"line":395,"column":0},"end":{"line":395,"column":13}},"395":{"start":{"line":396,"column":0},"end":{"line":396,"column":23}},"396":{"start":{"line":397,"column":0},"end":{"line":397,"column":71}},"397":{"start":{"line":398,"column":0},"end":{"line":398,"column":31}},"398":{"start":{"line":399,"column":0},"end":{"line":399,"column":9}},"399":{"start":{"line":400,"column":0},"end":{"line":400,"column":13}},"400":{"start":{"line":401,"column":0},"end":{"line":401,"column":5}},"401":{"start":{"line":402,"column":0},"end":{"line":402,"column":17}},"402":{"start":{"line":403,"column":0},"end":{"line":403,"column":55}},"403":{"start":{"line":404,"column":0},"end":{"line":404,"column":13}},"404":{"start":{"line":405,"column":0},"end":{"line":405,"column":23}},"405":{"start":{"line":406,"column":0},"end":{"line":406,"column":52}},"406":{"start":{"line":407,"column":0},"end":{"line":407,"column":31}},"407":{"start":{"line":408,"column":0},"end":{"line":408,"column":9}},"408":{"start":{"line":409,"column":0},"end":{"line":409,"column":13}},"409":{"start":{"line":410,"column":0},"end":{"line":410,"column":5}},"411":{"start":{"line":412,"column":0},"end":{"line":412,"column":29}},"412":{"start":{"line":413,"column":0},"end":{"line":413,"column":9}},"413":{"start":{"line":414,"column":0},"end":{"line":414,"column":70}},"414":{"start":{"line":415,"column":0},"end":{"line":415,"column":20}},"415":{"start":{"line":416,"column":0},"end":{"line":416,"column":35}},"416":{"start":{"line":417,"column":0},"end":{"line":417,"column":15}},"417":{"start":{"line":418,"column":0},"end":{"line":418,"column":34}},"418":{"start":{"line":419,"column":0},"end":{"line":419,"column":69}},"419":{"start":{"line":420,"column":0},"end":{"line":420,"column":11}},"420":{"start":{"line":421,"column":0},"end":{"line":421,"column":55}},"421":{"start":{"line":422,"column":0},"end":{"line":422,"column":39}},"422":{"start":{"line":423,"column":0},"end":{"line":423,"column":48}},"423":{"start":{"line":424,"column":0},"end":{"line":424,"column":57}},"424":{"start":{"line":425,"column":0},"end":{"line":425,"column":72}},"425":{"start":{"line":426,"column":0},"end":{"line":426,"column":77}},"426":{"start":{"line":427,"column":0},"end":{"line":427,"column":25}},"427":{"start":{"line":428,"column":0},"end":{"line":428,"column":14}},"428":{"start":{"line":429,"column":0},"end":{"line":429,"column":104}},"429":{"start":{"line":430,"column":0},"end":{"line":430,"column":7}},"430":{"start":{"line":431,"column":0},"end":{"line":431,"column":21}},"431":{"start":{"line":432,"column":0},"end":{"line":432,"column":50}},"432":{"start":{"line":433,"column":0},"end":{"line":433,"column":15}},"433":{"start":{"line":434,"column":0},"end":{"line":434,"column":62}},"434":{"start":{"line":435,"column":0},"end":{"line":435,"column":37}},"435":{"start":{"line":436,"column":0},"end":{"line":436,"column":33}},"436":{"start":{"line":437,"column":0},"end":{"line":437,"column":11}},"437":{"start":{"line":438,"column":0},"end":{"line":438,"column":14}},"438":{"start":{"line":439,"column":0},"end":{"line":439,"column":15}},"439":{"start":{"line":440,"column":0},"end":{"line":440,"column":41}},"440":{"start":{"line":441,"column":0},"end":{"line":441,"column":55}},"441":{"start":{"line":442,"column":0},"end":{"line":442,"column":33}},"442":{"start":{"line":443,"column":0},"end":{"line":443,"column":11}},"443":{"start":{"line":444,"column":0},"end":{"line":444,"column":7}},"444":{"start":{"line":445,"column":0},"end":{"line":445,"column":55}},"445":{"start":{"line":446,"column":0},"end":{"line":446,"column":15}},"446":{"start":{"line":447,"column":0},"end":{"line":447,"column":32}},"447":{"start":{"line":448,"column":0},"end":{"line":448,"column":5}},"448":{"start":{"line":449,"column":0},"end":{"line":449,"column":4}},"450":{"start":{"line":451,"column":0},"end":{"line":451,"column":10}},"451":{"start":{"line":452,"column":0},"end":{"line":452,"column":49}},"452":{"start":{"line":453,"column":0},"end":{"line":453,"column":57}},"453":{"start":{"line":454,"column":0},"end":{"line":454,"column":15}},"454":{"start":{"line":455,"column":0},"end":{"line":455,"column":27}},"455":{"start":{"line":456,"column":0},"end":{"line":456,"column":26}},"456":{"start":{"line":457,"column":0},"end":{"line":457,"column":74}},"458":{"start":{"line":459,"column":0},"end":{"line":459,"column":48}},"461":{"start":{"line":462,"column":0},"end":{"line":462,"column":57}},"462":{"start":{"line":463,"column":0},"end":{"line":463,"column":30}},"463":{"start":{"line":464,"column":0},"end":{"line":464,"column":36}},"464":{"start":{"line":465,"column":0},"end":{"line":465,"column":38}},"468":{"start":{"line":469,"column":0},"end":{"line":469,"column":12}},"469":{"start":{"line":470,"column":0},"end":{"line":470,"column":20}},"470":{"start":{"line":471,"column":0},"end":{"line":471,"column":21}},"471":{"start":{"line":472,"column":0},"end":{"line":472,"column":77}},"474":{"start":{"line":475,"column":0},"end":{"line":475,"column":21}},"475":{"start":{"line":476,"column":0},"end":{"line":476,"column":35}},"476":{"start":{"line":477,"column":0},"end":{"line":477,"column":64}},"478":{"start":{"line":479,"column":0},"end":{"line":479,"column":69}},"479":{"start":{"line":480,"column":0},"end":{"line":480,"column":43}},"480":{"start":{"line":481,"column":0},"end":{"line":481,"column":54}},"481":{"start":{"line":482,"column":0},"end":{"line":482,"column":24}},"482":{"start":{"line":483,"column":0},"end":{"line":483,"column":30}},"483":{"start":{"line":484,"column":0},"end":{"line":484,"column":33}},"484":{"start":{"line":485,"column":0},"end":{"line":485,"column":62}},"485":{"start":{"line":486,"column":0},"end":{"line":486,"column":52}},"486":{"start":{"line":487,"column":0},"end":{"line":487,"column":28}},"487":{"start":{"line":488,"column":0},"end":{"line":488,"column":65}},"490":{"start":{"line":491,"column":0},"end":{"line":491,"column":43}},"491":{"start":{"line":492,"column":0},"end":{"line":492,"column":54}},"492":{"start":{"line":493,"column":0},"end":{"line":493,"column":24}},"493":{"start":{"line":494,"column":0},"end":{"line":494,"column":30}},"494":{"start":{"line":495,"column":0},"end":{"line":495,"column":33}},"495":{"start":{"line":496,"column":0},"end":{"line":496,"column":62}},"496":{"start":{"line":497,"column":0},"end":{"line":497,"column":51}},"497":{"start":{"line":498,"column":0},"end":{"line":498,"column":28}},"498":{"start":{"line":499,"column":0},"end":{"line":499,"column":65}},"503":{"start":{"line":504,"column":0},"end":{"line":504,"column":41}},"504":{"start":{"line":505,"column":0},"end":{"line":505,"column":61}},"505":{"start":{"line":506,"column":0},"end":{"line":506,"column":25}},"506":{"start":{"line":507,"column":0},"end":{"line":507,"column":34}},"507":{"start":{"line":508,"column":0},"end":{"line":508,"column":38}},"508":{"start":{"line":509,"column":0},"end":{"line":509,"column":49}},"509":{"start":{"line":510,"column":0},"end":{"line":510,"column":65}},"511":{"start":{"line":512,"column":0},"end":{"line":512,"column":75}},"515":{"start":{"line":516,"column":0},"end":{"line":516,"column":69}},"516":{"start":{"line":517,"column":0},"end":{"line":517,"column":43}},"517":{"start":{"line":518,"column":0},"end":{"line":518,"column":50}},"518":{"start":{"line":519,"column":0},"end":{"line":519,"column":25}},"519":{"start":{"line":520,"column":0},"end":{"line":520,"column":43}},"520":{"start":{"line":521,"column":0},"end":{"line":521,"column":54}},"521":{"start":{"line":522,"column":0},"end":{"line":522,"column":30}},"522":{"start":{"line":523,"column":0},"end":{"line":523,"column":76}},"525":{"start":{"line":526,"column":0},"end":{"line":526,"column":35}},"526":{"start":{"line":527,"column":0},"end":{"line":527,"column":43}},"527":{"start":{"line":528,"column":0},"end":{"line":528,"column":73}},"529":{"start":{"line":530,"column":0},"end":{"line":530,"column":78}},"532":{"start":{"line":533,"column":0},"end":{"line":533,"column":35}},"533":{"start":{"line":534,"column":0},"end":{"line":534,"column":42}},"534":{"start":{"line":535,"column":0},"end":{"line":535,"column":59}},"535":{"start":{"line":536,"column":0},"end":{"line":536,"column":42}},"538":{"start":{"line":539,"column":0},"end":{"line":539,"column":43}},"539":{"start":{"line":540,"column":0},"end":{"line":540,"column":42}},"540":{"start":{"line":541,"column":0},"end":{"line":541,"column":51}},"541":{"start":{"line":542,"column":0},"end":{"line":542,"column":64}},"545":{"start":{"line":546,"column":0},"end":{"line":546,"column":48}},"546":{"start":{"line":547,"column":0},"end":{"line":547,"column":70}},"547":{"start":{"line":548,"column":0},"end":{"line":548,"column":37}},"553":{"start":{"line":554,"column":0},"end":{"line":554,"column":43}},"554":{"start":{"line":555,"column":0},"end":{"line":555,"column":50}},"555":{"start":{"line":556,"column":0},"end":{"line":556,"column":25}},"556":{"start":{"line":557,"column":0},"end":{"line":557,"column":43}},"557":{"start":{"line":558,"column":0},"end":{"line":558,"column":54}},"558":{"start":{"line":559,"column":0},"end":{"line":559,"column":30}},"559":{"start":{"line":560,"column":0},"end":{"line":560,"column":76}},"562":{"start":{"line":563,"column":0},"end":{"line":563,"column":35}},"563":{"start":{"line":564,"column":0},"end":{"line":564,"column":43}},"564":{"start":{"line":565,"column":0},"end":{"line":565,"column":73}},"566":{"start":{"line":567,"column":0},"end":{"line":567,"column":78}},"569":{"start":{"line":570,"column":0},"end":{"line":570,"column":35}},"570":{"start":{"line":571,"column":0},"end":{"line":571,"column":42}},"571":{"start":{"line":572,"column":0},"end":{"line":572,"column":59}},"572":{"start":{"line":573,"column":0},"end":{"line":573,"column":42}},"575":{"start":{"line":576,"column":0},"end":{"line":576,"column":43}},"576":{"start":{"line":577,"column":0},"end":{"line":577,"column":42}},"577":{"start":{"line":578,"column":0},"end":{"line":578,"column":51}},"578":{"start":{"line":579,"column":0},"end":{"line":579,"column":64}},"582":{"start":{"line":583,"column":0},"end":{"line":583,"column":48}},"583":{"start":{"line":584,"column":0},"end":{"line":584,"column":70}},"584":{"start":{"line":585,"column":0},"end":{"line":585,"column":37}},"592":{"start":{"line":593,"column":0},"end":{"line":593,"column":41}},"593":{"start":{"line":594,"column":0},"end":{"line":594,"column":67}},"594":{"start":{"line":595,"column":0},"end":{"line":595,"column":43}},"595":{"start":{"line":596,"column":0},"end":{"line":596,"column":50}},"596":{"start":{"line":597,"column":0},"end":{"line":597,"column":65}},"597":{"start":{"line":598,"column":0},"end":{"line":598,"column":28}},"598":{"start":{"line":599,"column":0},"end":{"line":599,"column":37}},"599":{"start":{"line":600,"column":0},"end":{"line":600,"column":43}},"600":{"start":{"line":601,"column":0},"end":{"line":601,"column":80}},"601":{"start":{"line":602,"column":0},"end":{"line":602,"column":31}},"602":{"start":{"line":603,"column":0},"end":{"line":603,"column":32}},"603":{"start":{"line":604,"column":0},"end":{"line":604,"column":40}},"604":{"start":{"line":605,"column":0},"end":{"line":605,"column":34}},"605":{"start":{"line":606,"column":0},"end":{"line":606,"column":63}},"606":{"start":{"line":607,"column":0},"end":{"line":607,"column":62}},"609":{"start":{"line":610,"column":0},"end":{"line":610,"column":29}},"610":{"start":{"line":611,"column":0},"end":{"line":611,"column":37}},"611":{"start":{"line":612,"column":0},"end":{"line":612,"column":41}},"612":{"start":{"line":613,"column":0},"end":{"line":613,"column":33}},"613":{"start":{"line":614,"column":0},"end":{"line":614,"column":54}},"614":{"start":{"line":615,"column":0},"end":{"line":615,"column":34}},"615":{"start":{"line":616,"column":0},"end":{"line":616,"column":63}},"616":{"start":{"line":617,"column":0},"end":{"line":617,"column":62}},"619":{"start":{"line":620,"column":0},"end":{"line":620,"column":61}},"620":{"start":{"line":621,"column":0},"end":{"line":621,"column":61}},"621":{"start":{"line":622,"column":0},"end":{"line":622,"column":43}},"622":{"start":{"line":623,"column":0},"end":{"line":623,"column":47}},"625":{"start":{"line":626,"column":0},"end":{"line":626,"column":27}},"626":{"start":{"line":627,"column":0},"end":{"line":627,"column":35}},"627":{"start":{"line":628,"column":0},"end":{"line":628,"column":39}},"628":{"start":{"line":629,"column":0},"end":{"line":629,"column":31}},"629":{"start":{"line":630,"column":0},"end":{"line":630,"column":43}},"630":{"start":{"line":631,"column":0},"end":{"line":631,"column":67}},"632":{"start":{"line":633,"column":0},"end":{"line":633,"column":55}},"638":{"start":{"line":639,"column":0},"end":{"line":639,"column":73}},"639":{"start":{"line":640,"column":0},"end":{"line":640,"column":51}},"640":{"start":{"line":641,"column":0},"end":{"line":641,"column":77}},"641":{"start":{"line":642,"column":0},"end":{"line":642,"column":28}},"642":{"start":{"line":643,"column":0},"end":{"line":643,"column":42}},"643":{"start":{"line":644,"column":0},"end":{"line":644,"column":41}},"644":{"start":{"line":645,"column":0},"end":{"line":645,"column":40}},"645":{"start":{"line":646,"column":0},"end":{"line":646,"column":71}},"647":{"start":{"line":648,"column":0},"end":{"line":648,"column":42}},"648":{"start":{"line":649,"column":0},"end":{"line":649,"column":69}},"650":{"start":{"line":651,"column":0},"end":{"line":651,"column":29}},"651":{"start":{"line":652,"column":0},"end":{"line":652,"column":37}},"652":{"start":{"line":653,"column":0},"end":{"line":653,"column":41}},"653":{"start":{"line":654,"column":0},"end":{"line":654,"column":33}},"654":{"start":{"line":655,"column":0},"end":{"line":655,"column":66}},"655":{"start":{"line":656,"column":0},"end":{"line":656,"column":34}},"656":{"start":{"line":657,"column":0},"end":{"line":657,"column":63}},"657":{"start":{"line":658,"column":0},"end":{"line":658,"column":56}},"658":{"start":{"line":659,"column":0},"end":{"line":659,"column":46}},"659":{"start":{"line":660,"column":0},"end":{"line":660,"column":45}},"660":{"start":{"line":661,"column":0},"end":{"line":661,"column":42}},"662":{"start":{"line":663,"column":0},"end":{"line":663,"column":46}},"663":{"start":{"line":664,"column":0},"end":{"line":664,"column":63}},"665":{"start":{"line":666,"column":0},"end":{"line":666,"column":56}},"666":{"start":{"line":667,"column":0},"end":{"line":667,"column":70}},"668":{"start":{"line":669,"column":0},"end":{"line":669,"column":59}},"671":{"start":{"line":672,"column":0},"end":{"line":672,"column":28}},"672":{"start":{"line":673,"column":0},"end":{"line":673,"column":49}},"673":{"start":{"line":674,"column":0},"end":{"line":674,"column":48}},"674":{"start":{"line":675,"column":0},"end":{"line":675,"column":40}},"675":{"start":{"line":676,"column":0},"end":{"line":676,"column":78}},"677":{"start":{"line":678,"column":0},"end":{"line":678,"column":42}},"678":{"start":{"line":679,"column":0},"end":{"line":679,"column":69}},"680":{"start":{"line":681,"column":0},"end":{"line":681,"column":48}},"681":{"start":{"line":682,"column":0},"end":{"line":682,"column":31}},"682":{"start":{"line":683,"column":0},"end":{"line":683,"column":39}},"683":{"start":{"line":684,"column":0},"end":{"line":684,"column":43}},"684":{"start":{"line":685,"column":0},"end":{"line":685,"column":35}},"685":{"start":{"line":686,"column":0},"end":{"line":686,"column":63}},"686":{"start":{"line":687,"column":0},"end":{"line":687,"column":71}},"687":{"start":{"line":688,"column":0},"end":{"line":688,"column":67}},"689":{"start":{"line":690,"column":0},"end":{"line":690,"column":56}},"697":{"start":{"line":698,"column":0},"end":{"line":698,"column":21}},"698":{"start":{"line":699,"column":0},"end":{"line":699,"column":29}},"699":{"start":{"line":700,"column":0},"end":{"line":700,"column":34}},"700":{"start":{"line":701,"column":0},"end":{"line":701,"column":26}},"701":{"start":{"line":702,"column":0},"end":{"line":702,"column":55}},"702":{"start":{"line":703,"column":0},"end":{"line":703,"column":79}},"705":{"start":{"line":706,"column":0},"end":{"line":706,"column":51}},"706":{"start":{"line":707,"column":0},"end":{"line":707,"column":42}},"707":{"start":{"line":708,"column":0},"end":{"line":708,"column":38}},"711":{"start":{"line":712,"column":0},"end":{"line":712,"column":51}},"712":{"start":{"line":713,"column":0},"end":{"line":713,"column":58}},"713":{"start":{"line":714,"column":0},"end":{"line":714,"column":56}},"716":{"start":{"line":717,"column":0},"end":{"line":717,"column":78}},"717":{"start":{"line":718,"column":0},"end":{"line":718,"column":23}},"718":{"start":{"line":719,"column":0},"end":{"line":719,"column":77}},"719":{"start":{"line":720,"column":0},"end":{"line":720,"column":46}},"720":{"start":{"line":721,"column":0},"end":{"line":721,"column":17}},"724":{"start":{"line":725,"column":0},"end":{"line":725,"column":51}},"725":{"start":{"line":726,"column":0},"end":{"line":726,"column":25}},"726":{"start":{"line":727,"column":0},"end":{"line":727,"column":34}},"727":{"start":{"line":728,"column":0},"end":{"line":728,"column":77}},"729":{"start":{"line":730,"column":0},"end":{"line":730,"column":39}},"730":{"start":{"line":731,"column":0},"end":{"line":731,"column":48}},"731":{"start":{"line":732,"column":0},"end":{"line":732,"column":19}},"735":{"start":{"line":736,"column":0},"end":{"line":736,"column":25}},"736":{"start":{"line":737,"column":0},"end":{"line":737,"column":47}},"737":{"start":{"line":738,"column":0},"end":{"line":738,"column":37}},"738":{"start":{"line":739,"column":0},"end":{"line":739,"column":48}},"739":{"start":{"line":740,"column":0},"end":{"line":740,"column":46}},"741":{"start":{"line":742,"column":0},"end":{"line":742,"column":57}},"742":{"start":{"line":743,"column":0},"end":{"line":743,"column":76}},"747":{"start":{"line":748,"column":0},"end":{"line":748,"column":21}},"748":{"start":{"line":749,"column":0},"end":{"line":749,"column":31}},"749":{"start":{"line":750,"column":0},"end":{"line":750,"column":32}},"750":{"start":{"line":751,"column":0},"end":{"line":751,"column":49}},"751":{"start":{"line":752,"column":0},"end":{"line":752,"column":15}},"760":{"start":{"line":761,"column":0},"end":{"line":761,"column":2}},"762":{"start":{"line":763,"column":0},"end":{"line":763,"column":32}}},"s":{"0":1,"1":1,"2":1,"3":1,"4":1,"5":1,"12":1,"20":1,"21":1,"22":1,"23":1,"24":1,"25":1,"26":1,"27":1,"28":1,"45":1,"46":127,"47":127,"48":127,"49":127,"50":127,"51":127,"52":127,"53":127,"54":127,"56":127,"57":127,"58":127,"59":127,"60":127,"61":127,"62":127,"63":127,"65":127,"66":127,"67":127,"68":127,"69":127,"70":127,"71":127,"72":127,"74":127,"75":11,"76":0,"77":0,"78":127,"80":127,"81":127,"82":13,"83":11,"84":11,"85":11,"86":11,"87":11,"88":11,"89":127,"91":127,"92":127,"93":35,"94":11,"95":11,"96":11,"97":11,"98":0,"99":0,"100":0,"102":0,"103":0,"104":0,"105":0,"106":0,"107":0,"108":11,"109":127,"111":127,"112":127,"113":127,"115":127,"116":127,"117":127,"118":127,"119":127,"122":127,"123":127,"124":2,"125":2,"126":2,"127":2,"128":2,"129":2,"131":2,"132":2,"133":2,"134":2,"135":2,"136":2,"137":2,"138":2,"139":2,"140":2,"143":2,"144":1,"145":1,"146":127,"147":1,"148":1,"149":1,"150":1,"151":1,"152":1,"153":1,"154":127,"155":1,"156":1,"157":1,"158":1,"159":1,"160":1,"161":127,"163":127,"164":127,"165":2,"166":0,"167":0,"169":2,"170":2,"171":2,"172":2,"173":2,"174":2,"175":2,"176":2,"177":2,"180":2,"181":1,"182":1,"183":127,"184":1,"185":1,"186":1,"187":1,"188":1,"189":1,"190":1,"191":1,"192":1,"193":1,"194":1,"195":127,"196":1,"197":1,"198":1,"199":1,"200":1,"201":1,"202":1,"203":1,"204":1,"205":1,"206":1,"207":127,"209":127,"210":127,"211":0,"213":0,"214":0,"215":0,"216":0,"217":0,"218":0,"219":0,"220":0,"221":0,"222":0,"223":0,"224":0,"225":0,"226":0,"228":0,"230":0,"231":0,"232":0,"233":0,"234":0,"235":0,"236":0,"237":0,"239":0,"240":0,"241":0,"242":0,"244":0,"245":0,"247":0,"248":0,"249":127,"250":0,"251":0,"252":0,"253":0,"254":0,"255":0,"256":0,"257":0,"258":0,"259":0,"260":0,"261":127,"262":0,"263":0,"264":0,"265":0,"266":0,"267":0,"268":0,"269":127,"271":127,"272":2,"273":2,"274":0,"275":0,"276":0,"277":0,"278":0,"279":0,"280":0,"282":2,"283":0,"284":0,"285":0,"286":0,"287":0,"288":0,"289":0,"291":2,"292":2,"293":2,"295":127,"296":3,"297":1,"298":1,"299":1,"300":1,"301":1,"302":1,"303":1,"304":3,"305":0,"306":0,"307":0,"308":0,"309":0,"310":0,"311":0,"312":0,"313":3,"314":0,"315":0,"316":0,"317":0,"318":0,"319":0,"320":0,"321":0,"322":2,"323":2,"325":127,"326":2,"327":2,"329":127,"330":1,"331":1,"332":1,"333":1,"335":127,"336":44,"337":44,"338":44,"340":44,"341":44,"342":44,"343":44,"345":127,"346":0,"348":0,"349":0,"350":0,"351":0,"352":0,"353":0,"354":0,"355":0,"357":0,"358":0,"359":0,"360":0,"361":0,"362":0,"363":0,"364":0,"365":0,"367":0,"368":0,"369":0,"370":0,"371":0,"372":0,"373":0,"374":0,"375":0,"377":0,"378":0,"380":0,"381":0,"382":0,"383":0,"384":0,"385":0,"386":0,"387":0,"389":0,"390":0,"392":127,"393":0,"394":0,"395":0,"396":0,"397":0,"398":0,"399":0,"400":0,"401":0,"402":0,"403":0,"404":0,"405":0,"406":0,"407":0,"408":0,"409":0,"411":0,"412":0,"413":0,"414":0,"415":0,"416":0,"417":0,"418":0,"419":0,"420":0,"421":0,"422":0,"423":0,"424":0,"425":0,"426":0,"427":0,"428":0,"429":0,"430":0,"431":0,"432":0,"433":0,"434":0,"435":0,"436":0,"437":0,"438":0,"439":0,"440":0,"441":0,"442":0,"443":0,"444":0,"445":0,"446":0,"447":0,"448":0,"450":127,"451":127,"452":127,"453":127,"454":127,"455":127,"456":127,"458":127,"461":127,"462":127,"463":0,"464":127,"468":127,"469":127,"470":127,"471":127,"474":127,"475":127,"476":127,"478":127,"479":127,"480":127,"481":127,"482":127,"483":127,"484":127,"485":127,"486":127,"487":127,"490":127,"491":127,"492":127,"493":127,"494":127,"495":127,"496":127,"497":127,"498":127,"503":127,"504":127,"505":127,"506":127,"507":127,"508":127,"509":127,"511":127,"515":127,"516":127,"517":127,"518":127,"519":127,"520":127,"521":127,"522":127,"525":127,"526":127,"527":0,"529":127,"532":127,"533":127,"534":127,"535":127,"538":127,"539":127,"540":127,"541":127,"545":127,"546":127,"547":127,"553":127,"554":127,"555":127,"556":127,"557":127,"558":127,"559":127,"562":127,"563":127,"564":0,"566":127,"569":127,"570":127,"571":127,"572":127,"575":127,"576":127,"577":127,"578":127,"582":127,"583":127,"584":127,"592":127,"593":127,"594":127,"595":127,"596":127,"597":127,"598":127,"599":127,"600":127,"601":127,"602":127,"603":127,"604":127,"605":127,"606":127,"609":127,"610":127,"611":127,"612":127,"613":127,"614":127,"615":127,"616":127,"619":127,"620":127,"621":1,"622":126,"625":127,"626":127,"627":127,"628":127,"629":127,"630":127,"632":127,"638":127,"639":127,"640":127,"641":127,"642":127,"643":127,"644":127,"645":38,"647":127,"648":127,"650":127,"651":127,"652":127,"653":127,"654":127,"655":127,"656":127,"657":127,"658":129,"659":48,"660":48,"662":127,"663":127,"665":127,"666":2,"668":127,"671":127,"672":127,"673":127,"674":127,"675":5,"677":127,"678":127,"680":127,"681":127,"682":127,"683":127,"684":127,"685":127,"686":127,"687":127,"689":127,"697":127,"698":127,"699":127,"700":127,"701":127,"702":127,"705":127,"706":0,"707":127,"711":127,"712":127,"713":127,"716":127,"717":127,"718":127,"719":127,"720":127,"724":127,"725":127,"726":127,"727":0,"729":127,"730":127,"731":127,"735":127,"736":127,"737":127,"738":127,"739":127,"741":127,"742":127,"747":127,"748":127,"749":127,"750":127,"751":127,"760":127,"762":1},"branchMap":{"0":{"type":"branch","line":46,"loc":{"start":{"line":46,"column":25},"end":{"line":761,"column":2}},"locations":[{"start":{"line":46,"column":25},"end":{"line":761,"column":2}}]},"1":{"type":"branch","line":463,"loc":{"start":{"line":463,"column":11},"end":{"line":464,"column":36}},"locations":[{"start":{"line":463,"column":11},"end":{"line":464,"column":36}}]},"2":{"type":"branch","line":472,"loc":{"start":{"line":472,"column":13},"end":{"line":472,"column":56}},"locations":[{"start":{"line":472,"column":13},"end":{"line":472,"column":56}}]},"3":{"type":"branch","line":527,"loc":{"start":{"line":527,"column":23},"end":{"line":530,"column":25}},"locations":[{"start":{"line":527,"column":23},"end":{"line":530,"column":25}}]},"4":{"type":"branch","line":564,"loc":{"start":{"line":564,"column":23},"end":{"line":567,"column":25}},"locations":[{"start":{"line":564,"column":23},"end":{"line":567,"column":25}}]},"5":{"type":"branch","line":622,"loc":{"start":{"line":622,"column":-1},"end":{"line":622,"column":43}},"locations":[{"start":{"line":622,"column":-1},"end":{"line":622,"column":43}}]},"6":{"type":"branch","line":622,"loc":{"start":{"line":622,"column":28},"end":{"line":623,"column":47}},"locations":[{"start":{"line":622,"column":28},"end":{"line":623,"column":47}}]},"7":{"type":"branch","line":707,"loc":{"start":{"line":707,"column":-1},"end":{"line":707,"column":42}},"locations":[{"start":{"line":707,"column":-1},"end":{"line":707,"column":42}}]},"8":{"type":"branch","line":75,"loc":{"start":{"line":75,"column":12},"end":{"line":79,"column":5}},"locations":[{"start":{"line":75,"column":12},"end":{"line":79,"column":5}}]},"9":{"type":"branch","line":76,"loc":{"start":{"line":76,"column":30},"end":{"line":78,"column":5}},"locations":[{"start":{"line":76,"column":30},"end":{"line":78,"column":5}}]},"10":{"type":"branch","line":82,"loc":{"start":{"line":82,"column":12},"end":{"line":90,"column":5}},"locations":[{"start":{"line":82,"column":12},"end":{"line":90,"column":5}}]},"11":{"type":"branch","line":83,"loc":{"start":{"line":83,"column":27},"end":{"line":83,"column":56}},"locations":[{"start":{"line":83,"column":27},"end":{"line":83,"column":56}}]},"12":{"type":"branch","line":83,"loc":{"start":{"line":83,"column":56},"end":{"line":89,"column":5}},"locations":[{"start":{"line":83,"column":56},"end":{"line":89,"column":5}}]},"13":{"type":"branch","line":85,"loc":{"start":{"line":85,"column":47},"end":{"line":85,"column":68}},"locations":[{"start":{"line":85,"column":47},"end":{"line":85,"column":68}}]},"14":{"type":"branch","line":85,"loc":{"start":{"line":85,"column":23},"end":{"line":85,"column":56}},"locations":[{"start":{"line":85,"column":23},"end":{"line":85,"column":56}}]},"15":{"type":"branch","line":93,"loc":{"start":{"line":93,"column":12},"end":{"line":110,"column":5}},"locations":[{"start":{"line":93,"column":12},"end":{"line":110,"column":5}}]},"16":{"type":"branch","line":94,"loc":{"start":{"line":94,"column":27},"end":{"line":94,"column":51}},"locations":[{"start":{"line":94,"column":27},"end":{"line":94,"column":51}}]},"17":{"type":"branch","line":94,"loc":{"start":{"line":94,"column":32},"end":{"line":94,"column":75}},"locations":[{"start":{"line":94,"column":32},"end":{"line":94,"column":75}}]},"18":{"type":"branch","line":94,"loc":{"start":{"line":94,"column":75},"end":{"line":109,"column":5}},"locations":[{"start":{"line":94,"column":75},"end":{"line":109,"column":5}}]},"19":{"type":"branch","line":98,"loc":{"start":{"line":98,"column":6},"end":{"line":108,"column":7}},"locations":[{"start":{"line":98,"column":6},"end":{"line":108,"column":7}}]},"20":{"type":"branch","line":95,"loc":{"start":{"line":95,"column":48},"end":{"line":95,"column":78}},"locations":[{"start":{"line":95,"column":48},"end":{"line":95,"column":78}}]},"21":{"type":"branch","line":124,"loc":{"start":{"line":124,"column":16},"end":{"line":146,"column":6}},"locations":[{"start":{"line":124,"column":16},"end":{"line":146,"column":6}}]},"22":{"type":"branch","line":144,"loc":{"start":{"line":144,"column":17},"end":{"line":146,"column":6}},"locations":[{"start":{"line":144,"column":17},"end":{"line":146,"column":6}}]},"23":{"type":"branch","line":126,"loc":{"start":{"line":126,"column":8},"end":{"line":126,"column":47}},"locations":[{"start":{"line":126,"column":8},"end":{"line":126,"column":47}}]},"24":{"type":"branch","line":129,"loc":{"start":{"line":129,"column":8},"end":{"line":129,"column":47}},"locations":[{"start":{"line":129,"column":8},"end":{"line":129,"column":47}}]},"25":{"type":"branch","line":147,"loc":{"start":{"line":147,"column":15},"end":{"line":154,"column":6}},"locations":[{"start":{"line":147,"column":15},"end":{"line":154,"column":6}}]},"26":{"type":"branch","line":149,"loc":{"start":{"line":149,"column":34},"end":{"line":149,"column":58}},"locations":[{"start":{"line":149,"column":34},"end":{"line":149,"column":58}}]},"27":{"type":"branch","line":155,"loc":{"start":{"line":155,"column":13},"end":{"line":161,"column":6}},"locations":[{"start":{"line":155,"column":13},"end":{"line":161,"column":6}}]},"28":{"type":"branch","line":165,"loc":{"start":{"line":165,"column":16},"end":{"line":183,"column":6}},"locations":[{"start":{"line":165,"column":16},"end":{"line":183,"column":6}}]},"29":{"type":"branch","line":166,"loc":{"start":{"line":166,"column":48},"end":{"line":168,"column":7}},"locations":[{"start":{"line":166,"column":48},"end":{"line":168,"column":7}}]},"30":{"type":"branch","line":181,"loc":{"start":{"line":181,"column":17},"end":{"line":183,"column":6}},"locations":[{"start":{"line":181,"column":17},"end":{"line":183,"column":6}}]},"31":{"type":"branch","line":184,"loc":{"start":{"line":184,"column":15},"end":{"line":195,"column":6}},"locations":[{"start":{"line":184,"column":15},"end":{"line":195,"column":6}}]},"32":{"type":"branch","line":186,"loc":{"start":{"line":186,"column":26},"end":{"line":190,"column":9}},"locations":[{"start":{"line":186,"column":26},"end":{"line":190,"column":9}}]},"33":{"type":"branch","line":196,"loc":{"start":{"line":196,"column":13},"end":{"line":207,"column":6}},"locations":[{"start":{"line":196,"column":13},"end":{"line":207,"column":6}}]},"34":{"type":"branch","line":204,"loc":{"start":{"line":204,"column":34},"end":{"line":204,"column":65}},"locations":[{"start":{"line":204,"column":34},"end":{"line":204,"column":65}}]},"35":{"type":"branch","line":197,"loc":{"start":{"line":197,"column":26},"end":{"line":201,"column":9}},"locations":[{"start":{"line":197,"column":26},"end":{"line":201,"column":9}}]},"36":{"type":"branch","line":272,"loc":{"start":{"line":272,"column":30},"end":{"line":294,"column":4}},"locations":[{"start":{"line":272,"column":30},"end":{"line":294,"column":4}}]},"37":{"type":"branch","line":274,"loc":{"start":{"line":274,"column":15},"end":{"line":281,"column":5}},"locations":[{"start":{"line":274,"column":15},"end":{"line":281,"column":5}}]},"38":{"type":"branch","line":283,"loc":{"start":{"line":283,"column":46},"end":{"line":290,"column":5}},"locations":[{"start":{"line":283,"column":46},"end":{"line":290,"column":5}}]},"39":{"type":"branch","line":292,"loc":{"start":{"line":292,"column":24},"end":{"line":292,"column":60}},"locations":[{"start":{"line":292,"column":24},"end":{"line":292,"column":60}}]},"40":{"type":"branch","line":296,"loc":{"start":{"line":296,"column":31},"end":{"line":324,"column":4}},"locations":[{"start":{"line":296,"column":31},"end":{"line":324,"column":4}}]},"41":{"type":"branch","line":297,"loc":{"start":{"line":297,"column":23},"end":{"line":304,"column":5}},"locations":[{"start":{"line":297,"column":23},"end":{"line":304,"column":5}}]},"42":{"type":"branch","line":304,"loc":{"start":{"line":304,"column":4},"end":{"line":305,"column":46}},"locations":[{"start":{"line":304,"column":4},"end":{"line":305,"column":46}}]},"43":{"type":"branch","line":305,"loc":{"start":{"line":305,"column":46},"end":{"line":313,"column":5}},"locations":[{"start":{"line":305,"column":46},"end":{"line":313,"column":5}}]},"44":{"type":"branch","line":313,"loc":{"start":{"line":313,"column":4},"end":{"line":314,"column":45}},"locations":[{"start":{"line":313,"column":4},"end":{"line":314,"column":45}}]},"45":{"type":"branch","line":314,"loc":{"start":{"line":314,"column":45},"end":{"line":322,"column":5}},"locations":[{"start":{"line":314,"column":45},"end":{"line":322,"column":5}}]},"46":{"type":"branch","line":322,"loc":{"start":{"line":322,"column":4},"end":{"line":324,"column":4}},"locations":[{"start":{"line":322,"column":4},"end":{"line":324,"column":4}}]},"47":{"type":"branch","line":326,"loc":{"start":{"line":326,"column":22},"end":{"line":328,"column":4}},"locations":[{"start":{"line":326,"column":22},"end":{"line":328,"column":4}}]},"48":{"type":"branch","line":330,"loc":{"start":{"line":330,"column":25},"end":{"line":334,"column":4}},"locations":[{"start":{"line":330,"column":25},"end":{"line":334,"column":4}}]},"49":{"type":"branch","line":332,"loc":{"start":{"line":332,"column":36},"end":{"line":332,"column":60}},"locations":[{"start":{"line":332,"column":36},"end":{"line":332,"column":60}}]},"50":{"type":"branch","line":336,"loc":{"start":{"line":336,"column":25},"end":{"line":344,"column":4}},"locations":[{"start":{"line":336,"column":25},"end":{"line":344,"column":4}}]},"51":{"type":"branch","line":485,"loc":{"start":{"line":485,"column":30},"end":{"line":485,"column":62}},"locations":[{"start":{"line":485,"column":30},"end":{"line":485,"column":62}}]},"52":{"type":"branch","line":496,"loc":{"start":{"line":496,"column":30},"end":{"line":496,"column":62}},"locations":[{"start":{"line":496,"column":30},"end":{"line":496,"column":62}}]},"53":{"type":"branch","line":601,"loc":{"start":{"line":601,"column":34},"end":{"line":601,"column":80}},"locations":[{"start":{"line":601,"column":34},"end":{"line":601,"column":80}}]},"54":{"type":"branch","line":658,"loc":{"start":{"line":658,"column":47},"end":{"line":659,"column":46}},"locations":[{"start":{"line":658,"column":47},"end":{"line":659,"column":46}}]},"55":{"type":"branch","line":659,"loc":{"start":{"line":659,"column":41},"end":{"line":660,"column":45}},"locations":[{"start":{"line":659,"column":41},"end":{"line":660,"column":45}}]},"56":{"type":"branch","line":660,"loc":{"start":{"line":660,"column":27},"end":{"line":661,"column":42}},"locations":[{"start":{"line":660,"column":27},"end":{"line":661,"column":42}}]},"57":{"type":"branch","line":666,"loc":{"start":{"line":666,"column":46},"end":{"line":669,"column":27}},"locations":[{"start":{"line":666,"column":46},"end":{"line":669,"column":27}}]},"58":{"type":"branch","line":645,"loc":{"start":{"line":645,"column":34},"end":{"line":646,"column":71}},"locations":[{"start":{"line":645,"column":34},"end":{"line":646,"column":71}}]},"59":{"type":"branch","line":655,"loc":{"start":{"line":655,"column":33},"end":{"line":655,"column":66}},"locations":[{"start":{"line":655,"column":33},"end":{"line":655,"column":66}}]},"60":{"type":"branch","line":675,"loc":{"start":{"line":675,"column":34},"end":{"line":676,"column":78}},"locations":[{"start":{"line":675,"column":34},"end":{"line":676,"column":78}}]},"61":{"type":"branch","line":686,"loc":{"start":{"line":686,"column":35},"end":{"line":686,"column":63}},"locations":[{"start":{"line":686,"column":35},"end":{"line":686,"column":63}}]},"62":{"type":"branch","line":703,"loc":{"start":{"line":703,"column":35},"end":{"line":703,"column":65}},"locations":[{"start":{"line":703,"column":35},"end":{"line":703,"column":65}}]},"63":{"type":"branch","line":703,"loc":{"start":{"line":703,"column":48},"end":{"line":703,"column":65}},"locations":[{"start":{"line":703,"column":48},"end":{"line":703,"column":65}}]}},"b":{"0":[127],"1":[0],"2":[0],"3":[0],"4":[0],"5":[1],"6":[126],"7":[0],"8":[11],"9":[0],"10":[13],"11":[12],"12":[11],"13":[0],"14":[11],"15":[35],"16":[34],"17":[23],"18":[11],"19":[0],"20":[22],"21":[2],"22":[1],"23":[2],"24":[4],"25":[1],"26":[0],"27":[1],"28":[2],"29":[0],"30":[1],"31":[1],"32":[1],"33":[1],"34":[0],"35":[1],"36":[2],"37":[0],"38":[0],"39":[2],"40":[3],"41":[1],"42":[2],"43":[0],"44":[2],"45":[0],"46":[2],"47":[2],"48":[1],"49":[3],"50":[44],"51":[13],"52":[21],"53":[3],"54":[129],"55":[48],"56":[48],"57":[2],"58":[38],"59":[2],"60":[5],"61":[1],"62":[131],"63":[50]},"fnMap":{"0":{"name":"CreateVocabulary","decl":{"start":{"line":46,"column":25},"end":{"line":761,"column":2}},"loc":{"start":{"line":46,"column":25},"end":{"line":761,"column":2}},"line":46},"1":{"name":"mutationFn","decl":{"start":{"line":124,"column":16},"end":{"line":146,"column":6}},"loc":{"start":{"line":124,"column":16},"end":{"line":146,"column":6}},"line":124},"2":{"name":"onSuccess","decl":{"start":{"line":147,"column":15},"end":{"line":154,"column":6}},"loc":{"start":{"line":147,"column":15},"end":{"line":154,"column":6}},"line":147},"3":{"name":"onError","decl":{"start":{"line":155,"column":13},"end":{"line":161,"column":6}},"loc":{"start":{"line":155,"column":13},"end":{"line":161,"column":6}},"line":155},"4":{"name":"mutationFn","decl":{"start":{"line":165,"column":16},"end":{"line":183,"column":6}},"loc":{"start":{"line":165,"column":16},"end":{"line":183,"column":6}},"line":165},"5":{"name":"onSuccess","decl":{"start":{"line":184,"column":15},"end":{"line":195,"column":6}},"loc":{"start":{"line":184,"column":15},"end":{"line":195,"column":6}},"line":184},"6":{"name":"onError","decl":{"start":{"line":196,"column":13},"end":{"line":207,"column":6}},"loc":{"start":{"line":196,"column":13},"end":{"line":207,"column":6}},"line":196},"7":{"name":"mutationFn","decl":{"start":{"line":211,"column":16},"end":{"line":249,"column":6}},"loc":{"start":{"line":211,"column":16},"end":{"line":249,"column":6}},"line":211},"8":{"name":"onSuccess","decl":{"start":{"line":250,"column":15},"end":{"line":261,"column":6}},"loc":{"start":{"line":250,"column":15},"end":{"line":261,"column":6}},"line":250},"9":{"name":"onError","decl":{"start":{"line":262,"column":13},"end":{"line":269,"column":6}},"loc":{"start":{"line":262,"column":13},"end":{"line":269,"column":6}},"line":262},"10":{"name":"handleTranslateWord","decl":{"start":{"line":272,"column":30},"end":{"line":294,"column":4}},"loc":{"start":{"line":272,"column":30},"end":{"line":294,"column":4}},"line":272},"11":{"name":"handleGenerateWithAI","decl":{"start":{"line":296,"column":31},"end":{"line":324,"column":4}},"loc":{"start":{"line":296,"column":31},"end":{"line":324,"column":4}},"line":296},"12":{"name":"addWordPair","decl":{"start":{"line":326,"column":22},"end":{"line":328,"column":4}},"loc":{"start":{"line":326,"column":22},"end":{"line":328,"column":4}},"line":326},"13":{"name":"removeWordPair","decl":{"start":{"line":330,"column":25},"end":{"line":334,"column":4}},"loc":{"start":{"line":330,"column":25},"end":{"line":334,"column":4}},"line":330},"14":{"name":"updateWordPair","decl":{"start":{"line":336,"column":25},"end":{"line":344,"column":4}},"loc":{"start":{"line":336,"column":25},"end":{"line":344,"column":4}},"line":336},"15":{"name":"handleSubmit","decl":{"start":{"line":346,"column":23},"end":{"line":391,"column":4}},"loc":{"start":{"line":346,"column":23},"end":{"line":391,"column":4}},"line":346},"16":{"name":"handleCreateStory","decl":{"start":{"line":393,"column":28},"end":{"line":449,"column":4}},"loc":{"start":{"line":393,"column":28},"end":{"line":449,"column":4}},"line":393},"17":{"name":"onChange","decl":{"start":{"line":485,"column":30},"end":{"line":485,"column":62}},"loc":{"start":{"line":485,"column":30},"end":{"line":485,"column":62}},"line":485},"18":{"name":"onChange","decl":{"start":{"line":496,"column":30},"end":{"line":496,"column":62}},"loc":{"start":{"line":496,"column":30},"end":{"line":496,"column":62}},"line":496},"19":{"name":"onChange","decl":{"start":{"line":601,"column":34},"end":{"line":601,"column":80}},"loc":{"start":{"line":601,"column":34},"end":{"line":601,"column":80}},"line":601},"20":{"name":"onChange","decl":{"start":{"line":645,"column":34},"end":{"line":646,"column":71}},"loc":{"start":{"line":645,"column":34},"end":{"line":646,"column":71}},"line":645},"21":{"name":"onClick","decl":{"start":{"line":655,"column":33},"end":{"line":655,"column":66}},"loc":{"start":{"line":655,"column":33},"end":{"line":655,"column":66}},"line":655},"22":{"name":"onChange","decl":{"start":{"line":675,"column":34},"end":{"line":676,"column":78}},"loc":{"start":{"line":675,"column":34},"end":{"line":676,"column":78}},"line":675},"23":{"name":"onClick","decl":{"start":{"line":686,"column":35},"end":{"line":686,"column":63}},"loc":{"start":{"line":686,"column":35},"end":{"line":686,"column":63}},"line":686},"24":{"name":"onClick","decl":{"start":{"line":719,"column":27},"end":{"line":719,"column":77}},"loc":{"start":{"line":719,"column":27},"end":{"line":719,"column":77}},"line":719},"25":{"name":"onClick","decl":{"start":{"line":727,"column":29},"end":{"line":728,"column":77}},"loc":{"start":{"line":727,"column":29},"end":{"line":728,"column":77}},"line":727}},"f":{"0":127,"1":2,"2":1,"3":1,"4":2,"5":1,"6":1,"7":0,"8":0,"9":0,"10":2,"11":3,"12":2,"13":1,"14":44,"15":0,"16":0,"17":13,"18":21,"19":3,"20":38,"21":2,"22":5,"23":1,"24":0,"25":0}}
,"/Users/artem_reva/projects/wordspark-linguify-learn/src/components/EditVocabulary.tsx": {"path":"/Users/artem_reva/projects/wordspark-linguify-learn/src/components/EditVocabulary.tsx","all":false,"statementMap":{"0":{"start":{"line":1,"column":0},"end":{"line":1,"column":51}},"1":{"start":{"line":2,"column":0},"end":{"line":2,"column":8}},"7":{"start":{"line":8,"column":0},"end":{"line":8,"column":50}},"8":{"start":{"line":9,"column":0},"end":{"line":9,"column":48}},"9":{"start":{"line":10,"column":0},"end":{"line":10,"column":46}},"10":{"start":{"line":11,"column":0},"end":{"line":11,"column":46}},"11":{"start":{"line":12,"column":0},"end":{"line":12,"column":8}},"18":{"start":{"line":19,"column":0},"end":{"line":19,"column":8}},"27":{"start":{"line":28,"column":0},"end":{"line":28,"column":71}},"28":{"start":{"line":29,"column":0},"end":{"line":29,"column":64}},"29":{"start":{"line":30,"column":0},"end":{"line":30,"column":78}},"30":{"start":{"line":31,"column":0},"end":{"line":31,"column":58}},"31":{"start":{"line":32,"column":0},"end":{"line":32,"column":87}},"32":{"start":{"line":33,"column":0},"end":{"line":33,"column":49}},"33":{"start":{"line":34,"column":0},"end":{"line":34,"column":45}},"34":{"start":{"line":35,"column":0},"end":{"line":35,"column":87}},"47":{"start":{"line":48,"column":0},"end":{"line":48,"column":75}},"48":{"start":{"line":49,"column":0},"end":{"line":49,"column":29}},"49":{"start":{"line":50,"column":0},"end":{"line":50,"column":31}},"50":{"start":{"line":51,"column":0},"end":{"line":51,"column":39}},"51":{"start":{"line":52,"column":0},"end":{"line":52,"column":78}},"52":{"start":{"line":53,"column":0},"end":{"line":53,"column":8}},"54":{"start":{"line":55,"column":0},"end":{"line":55,"column":41}},"55":{"start":{"line":56,"column":0},"end":{"line":56,"column":41}},"56":{"start":{"line":57,"column":0},"end":{"line":57,"column":74}},"57":{"start":{"line":58,"column":0},"end":{"line":58,"column":74}},"58":{"start":{"line":59,"column":0},"end":{"line":59,"column":74}},"59":{"start":{"line":60,"column":0},"end":{"line":60,"column":61}},"60":{"start":{"line":61,"column":0},"end":{"line":61,"column":53}},"61":{"start":{"line":62,"column":0},"end":{"line":62,"column":62}},"62":{"start":{"line":63,"column":0},"end":{"line":63,"column":64}},"63":{"start":{"line":64,"column":0},"end":{"line":64,"column":103}},"64":{"start":{"line":65,"column":0},"end":{"line":65,"column":72}},"65":{"start":{"line":66,"column":0},"end":{"line":66,"column":13}},"68":{"start":{"line":69,"column":0},"end":{"line":69,"column":31}},"69":{"start":{"line":70,"column":0},"end":{"line":70,"column":9}},"70":{"start":{"line":71,"column":0},"end":{"line":71,"column":14}},"71":{"start":{"line":72,"column":0},"end":{"line":72,"column":30}},"72":{"start":{"line":73,"column":0},"end":{"line":73,"column":26}},"73":{"start":{"line":74,"column":0},"end":{"line":74,"column":19}},"74":{"start":{"line":75,"column":0},"end":{"line":75,"column":36}},"75":{"start":{"line":76,"column":0},"end":{"line":76,"column":25}},"77":{"start":{"line":78,"column":0},"end":{"line":78,"column":19}},"78":{"start":{"line":79,"column":0},"end":{"line":79,"column":31}},"79":{"start":{"line":80,"column":0},"end":{"line":80,"column":23}},"80":{"start":{"line":81,"column":0},"end":{"line":81,"column":5}},"81":{"start":{"line":82,"column":0},"end":{"line":82,"column":44}},"83":{"start":{"line":84,"column":0},"end":{"line":84,"colu
[...]
:0},"end":{"line":114,"column":40}},"114":{"start":{"line":115,"column":0},"end":{"line":115,"column":28}},"115":{"start":{"line":116,"column":0},"end":{"line":116,"column":51}},"116":{"start":{"line":117,"column":0},"end":{"line":117,"column":57}},"117":{"start":{"line":118,"column":0},"end":{"line":118,"column":3}},"118":{"start":{"line":119,"column":0},"end":{"line":119,"column":33}},"119":{"start":{"line":120,"column":0},"end":{"line":120,"column":1}},"120":{"start":{"line":121,"column":0},"end":{"line":121,"column":22}},"121":{"start":{"line":122,"column":0},"end":{"line":122,"column":33}},"122":{"start":{"line":123,"column":0},"end":{"line":123,"column":31}},"123":{"start":{"line":124,"column":0},"end":{"line":124,"column":27}},"124":{"start":{"line":125,"column":0},"end":{"line":125,"column":7}},"125":{"start":{"line":126,"column":0},"end":{"line":126,"column":3}},"126":{"start":{"line":127,"column":0},"end":{"line":127,"column":7}},"127":{"start":{"line":128,"column":0},"end":{"line":128,"column":11}},"128":{"start":{"line":129,"column":0},"end":{"line":129,"column":12}},"129":{"start":{"line":130,"column":0},"end":{"line":130,"column":22}},"130":{"start":{"line":131,"column":0},"end":{"line":131,"column":22}},"131":{"start":{"line":132,"column":0},"end":{"line":132,"column":21}},"132":{"start":{"line":133,"column":0},"end":{"line":133,"column":25}},"133":{"start":{"line":134,"column":0},"end":{"line":134,"column":52}},"134":{"start":{"line":135,"column":0},"end":{"line":135,"column":18}},"135":{"start":{"line":136,"column":0},"end":{"line":136,"column":149}},"139":{"start":{"line":140,"column":0},"end":{"line":140,"column":43}},"140":{"start":{"line":141,"column":0},"end":{"line":141,"column":56}},"143":{"start":{"line":144,"column":0},"end":{"line":144,"column":63}},"144":{"start":{"line":145,"column":0},"end":{"line":145,"column":33}},"145":{"start":{"line":146,"column":0},"end":{"line":146,"column":111}},"146":{"start":{"line":147,"column":0},"end":{"line":147,"column":7}},"147":{"start":{"line":148,"column":0},"end":{"line":148,"column":23}},"148":{"start":{"line":149,"column":0},"end":{"line":149,"column":18}},"149":{"start":{"line":150,"column":0},"end":{"line":150,"column":45}},"150":{"start":{"line":151,"column":0},"end":{"line":151,"column":10}},"151":{"start":{"line":152,"column":0},"end":{"line":152,"column":30}},"152":{"start":{"line":153,"column":0},"end":{"line":153,"column":21}},"153":{"start":{"line":154,"column":0},"end":{"line":154,"column":13}},"154":{"start":{"line":155,"column":0},"end":{"line":155,"column":22}},"155":{"start":{"line":156,"column":0},"end":{"line":156,"column":17}},"156":{"start":{"line":157,"column":0},"end":{"line":157,"column":31}},"157":{"start":{"line":158,"column":0},"end":{"line":158,"column":18}},"159":{"start":{"line":160,"column":0},"end":{"line":160,"column":14}},"160":{"start":{"line":161,"column":0},"end":{"line":161,"column":12}},"161":{"start":{"line":162,"column":0},"end":{"line":162,"column":29}},"162":{"start":{"line":163,"column":0},"end":{"line":163,"column":29}},"163":{"start":{"line":164,"column":0},"end":{"line":164,"column":21}},"164":{"start":{"line":165,"column":0},"end":{"line":165,"column":23}},"165":{"start":{"line":166,"column":0},"end":{"line":166,"column":34}},"166":{"start":{"line":167,"column":0},"end":{"line":167,"column":29}},"167":{"start":{"line":168,"column":0},"end":{"line":168,"column":32}},"168":{"start":{"line":169,"column":0},"end":{"line":169,"column":14}},"169":{"start":{"line":170,"column":0},"end":{"line":170,"column":12}},"170":{"start":{"line":171,"column":0},"end":{"line":171,"column":11}},"171":{"start":{"line":172,"column":0},"end":{"line":172,"column":8}},"173":{"start":{"line":174,"column":0},"end":{"line":174,"column":23}},"174":{"start":{"line":175,"column":0},"end":{"line":175,"column":85}},"175":{"start":{"line":176,"column":0},"end":{"line":176,"column":67}},"176":{"start":{"line":177,"column":0},"end":{"line":177,"column":65}},"177":{"start":{"line":178,"column":0},"end":{"line":178,"column":66}},"178":{"start":{"line":179,"column":0},"end":{"line":179,"column":5}},"179":{"start":{"line":180,"column":0},"end":{"line":180,"column":39}},"180":{"start":{"line":181,"column":0},"end":{"line":181,"column":70}},"181":{"start":{"line":182,"column":0},"end":{"line":182,"column":25}},"182":{"start":{"line":183,"column":0},"end":{"line":183,"column":62}},"183":{"start":{"line":184,"column":0},"end":{"line":184,"column":5}},"184":{"start":{"line":185,"column":0},"end":{"line":185,"column":66}},"185":{"start":{"line":186,"column":0},"end":{"line":186,"column":57}},"186":{"start":{"line":187,"column":0},"end":{"line":187,"column":21}},"187":{"start":{"line":188,"column":0},"end":{"line":188,"column":68}},"188":{"start":{"line":189,"column":0},"end":{"line":189,"column":5}},"189":{"start":{"line":190,"column":0},"end":{"line":190,"column":27}},"190":{"start":{"line":191,"column":0},"end":{"line":191,"column":9}},"191":{"start":{"line":192,"column":0},"end":{"line":192,"column":52}},"192":{"start":{"line":193,"column":0},"end":{"line":193,"column":24}},"193":{"start":{"line":194,"column":0},"end":{"line":194,"column":24}},"194":{"start":{"line":195,"column":0},"end":{"line":195,"column":14}},"196":{"start":{"line":197,"column":0},"end":{"line":197,"column":17}},"197":{"start":{"line":198,"column":0},"end":{"line":198,"column":61}},"198":{"start":{"line":199,"column":0},"end":{"line":199,"column":73}},"199":{"start":{"line":200,"column":0},"end":{"line":200,"column":5}},"200":{"start":{"line":201,"column":0},"end":{"line":201,"column":53}},"201":{"start":{"line":202,"column":0},"end":{"line":202,"column":24}},"202":{"start":{"line":203,"column":0},"end":{"line":203,"column":22}},"203":{"start":{"line":204,"column":0},"end":{"line":204,"column":24}},"204":{"start":{"line":205,"column":0},"end":{"line":205,"column":22}},"205":{"start":{"line":206,"column":0},"end":{"line":206,"column":9}},"206":{"start":{"line":207,"column":0},"end":{"line":207,"column":7}},"207":{"start":{"line":208,"column":0},"end":{"line":208,"column":18}},"208":{"start":{"line":209,"column":0},"end":{"line":209,"column":25}},"209":{"start":{"line":210,"column":0},"end":{"line":210,"column":45}},"210":{"start":{"line":211,"column":0},"end":{"line":211,"column":10}},"211":{"start":{"line":212,"column":0},"end":{"line":212,"column":8}},"213":{"start":{"line":214,"column":0},"end":{"line":214,"column":19}},"214":{"start":{"line":215,"column":0},"end":{"line":215,"column":67}},"215":{"start":{"line":216,"column":0},"end":{"line":216,"column":24}},"216":{"start":{"line":217,"column":0},"end":{"line":217,"column":22}},"217":{"start":{"line":218,"column":0},"end":{"line":218,"column":29}},"218":{"start":{"line":219,"column":0},"end":{"line":219,"column":9}},"219":{"start":{"line":220,"column":0},"end":{"line":220,"column":7}},"220":{"start":{"line":221,"column":0},"end":{"line":221,"column":20}},"221":{"start":{"line":222,"column":0},"end":{"line":222,"column":18}},"222":{"start":{"line":223,"column":0},"end":{"line":223,"column":25}},"223":{"start":{"line":224,"column":0},"end":{"line":224,"column":45}},"224":{"start":{"line":225,"column":0},"end":{"line":225,"column":10}},"225":{"start":{"line":226,"column":0},"end":{"line":226,"column":8}},"227":{"start":{"line":228,"column":0},"end":{"line":228,"column":3}},"228":{"start":{"line":229,"column":0},"end":{"line":229,"column":3}}},"s":{"0":0,"1":0,"2":0,"3":0,"5":0,"6":0,"7":0,"8":0,"9":0,"10":0,"11":0,"12":0,"13":0,"14":0,"15":0,"16":0,"17":0,"18":0,"19":0,"20":0,"21":0,"23":0,"24":0,"25":0,"26":0,"27":0,"28":0,"29":0,"30":0,"31":0,"32":0,"33":0,"34":0,"35":0,"36":0,"37":0,"38":0,"39":0,"40":0,"41":0,"42":0,"43":0,"44":0,"46":0,"47":0,"48":0,"49":0,"50":0,"51":0,"52":0,"53":0,"54":0,"55":0,"56":0,"57":0,"58":0,"60":0,"61":0,"62":0,"63":0,"64":0,"65":0,"66":0,"67":0,"68":0,"69":0,"70":0,"71":0,"72":0,"73":0,"74":0,"75":0,"76":0,"77":0,"78":0,"79":0,"80":0,"81":0,"82":0,"83":0,"84":0,"85":0,"86":0,"87":0,"89":0,"90":0,"91":0,"92":0,"93":0,"94":0,"95":0,"96":0,"97":0,"98":0,"99":0,"100":0,"101":0,"103":0,"104":0,"105":0,"106":0,"107":0,"108":0,"109":0,"110":0,"111":0,"112":0,"113":0,"114":0,"115":0,"116":0,"117":0,"118":0,"119":0,"120":0,"121":0,"122":0,"123":0,"124":0,"125":0,"126":0,"127":0,"128":0,"129":0,"130":0,"131":0,"132":0,"133":0,"134":0,"135":0,"139":0,"140":0,"143":0,"144":0,"145":0,"146":0,"147":0,"148":0,"149":0,"150":0,"151":0,"152":0,"153":0,"154":0,"155":0,"156":0,"157":0,"159":0,"160":0,"161":0,"162":0,"163":0,"164":0,"165":0,"166":0,"167":0,"168":0,"169":0,"170":0,"171":0,"173":0,"174":0,"175":0,"176":0,"177":0,"178":0,"179":0,"180":0,"181":0,"182":0,"183":0,"184":0,"185":0,"186":0,"187":0,"188":0,"189":0,"190":0,"191":0,"192":0,"193":0,"194":0,"196":0,"197":0,"198":0,"199":0,"200":0,"201":0,"202":0,"203":0,"204":0,"205":0,"206":0,"207":0,"208":0,"209":0,"210":0,"211":0,"213":0,"214":0,"215":0,"216":0,"217":0,"218":0,"219":0,"220":0,"221":0,"222":0,"223":0,"224":0,"225":0,"227":0,"228":0},"branchMap":{"0":{"type":"branch","line":1,"loc":{"start":{"line":1,"column":0},"end":{"line":229,"column":-783}},"locations":[{"start":{"line":1,"column":0},"end":{"line":229,"column":-783}}]}},"b":{"0":[0]},"fnMap":{"0":{"name":"(empty-report)","decl":{"start":{"line":1,"column":0},"end":{"line":229,"column":-783}},"loc":{"start":{"line":1,"column":0},"end":{"line":229,"column":-783}},"line":1}},"f":{"0":0}}
,"/Users/artem_reva/projects/wordspark-linguify-learn/supabase/functions/get-languages/index.ts": {"path":"/Users/artem_reva/projects/wordspark-linguify-learn/supabase/functions/get-languages/index.ts","all":true,"statementMap":{"0":{"start":{"line":1,"column":0},"end":{"line":1,"column":70}},"1":{"start":{"line":2,"column":0},"end":{"line":2,"column":71}},"3":{"start":{"line":4,"column":0},"end":{"line":4,"column":27}},"4":{"start":{"line":5,"column":0},"end":{"line":5,"column":78}},"5":{"start":{"line":6,"column":0},"end":{"line":6,"column":33}},"6":{"start":{"line":7,"column":0},"end":{"line":7,"column":56}},"7":{"start":{"line":8,"column":0},"end":{"line":8,"column":3}},"9":{"start":{"line":10,"column":0},"end":{"line":10,"column":7}},"10":{"start":{"line":11,"column":0},"end":{"line":11,"column":76}},"11":{"start":{"line":12,"column":0},"end":{"line":12,"column":40}},"12":{"start":{"line":13,"column":0},"end":{"line":13,"column":56}},"13":{"start":{"line":14,"column":0},"end":{"line":14,"column":43}},"14":{"start":{"line":15,"column":0},"end":{"line":15,"column":61}},"15":{"start":{"line":16,"column":0},"end":{"line":16,"column":48}},"16":{"start":{"line":17,"column":0},"end":{"line":17,"column":78}},"17":{"start":{"line":18,"column":0},"end":{"line":18,"column":69}},"18":{"start":{"line":19,"column":0},"end":{"line":19,"column":7}},"19":{"start":{"line":20,"column":0},"end":{"line":20,"column":17}},"20":{"start":{"line":21,"column":0},"end":{"line":21,"column":72}},"21":{"start":{"line":22,"column":0},"end":{"line":22,"column":10}},"22":{"start":{"line":23,"column":0},"end":{"line":23,"column":8}},"25":{"start":{"line":26,"column":0},"end":{"line":26,"column":50}},"26":{"start":{"line":27,"column":0},"end":{"line":27,"column":48}},"27":{"start":{"line":28,"column":0},"end":{"line":28,"column":24}},"28":{"start":{"line":29,"column":0},"end":{"line":29,"column":31}},"29":{"start":{"line":30,"column":0},"end":{"line":30,"column":42}},"31":{"start":{"line":32,"column":0},"end":{"line":32,"column":16}},"32":{"start":{"line":33,"column":0},"end":{"line":33,"column":18}},"33":{"start":{"line":34,"column":0},"end":{"line":34,"column":5}},"35":{"start":{"line":36,"column":0},"end":{"line":36,"column":62}},"36":{"start":{"line":37,"column":0},"end":{"line":37,"column":70}},"37":{"start":{"line":38,"column":0},"end":{"line":38,"column":18}},"38":{"start":{"line":39,"column":0},"end":{"line":39,"column":7}},"39":{"start":{"line":40,"column":0},"end":{"line":40,"column":17}},"40":{"start":{"line":41,"column":0},"end":{"line":41,"column":52}},"41":{"start":{"line":42,"column":0},"end":{"line":42,"column":65}},"42":{"start":{"line":43,"column":0},"end":{"line":43,"column":70}},"43":{"start":{"line":44,"column":0},"end":{"line":44,"column":18}},"44":{"start":{"line":45,"column":0},"end":{"line":45,"column":7}},"45":{"start":{"line":46,"column":0},"end":{"line":46,"column":3}},"46":{"start":{"line":47,"column":0},"end":{"line":47,"column":3}},"48":{"start":{"line":49,"column":0},"end":{"line":49,"column":2}},"66":{"start":{"line":67,"column":0},"end":{"line":67,"column":2}}},"s":{"0":0,"1":0,"3":0,"4":0,"5":0,"6":0,"7":0,"9":0,"10":0,"11":0,"12":0,"13":0,"14":0,"15":0,"16":0,"17":0,"18":0,"19":0,"20":0,"21":0,"22":0,"25":0,"26":0,"27":0,"28":0,"29":0,"31":0,"32":0,"33":0,"35":0,"36":0,"37":0,"38":0,"39":0,"40":0,"41":0,"42":0,"43":0,"44":0,"45":0,"46":0,"48":0,"66":0},"branchMap":{"0":{"type":"branch","line":1,"loc":{"start":{"line":1,"column":2431},"end":{"line":67,"column":2}},"locations":[{"start":{"line":1,"column":2431},"end":{"line":67,"column":2}}]}},"b":{"0":[0]},"fnMap":{"0":{"name":"(empty-report)","decl":{"start":{"line":1,"column":2431},"end":{"line":67,"column":2}},"loc":{"start":{"line":1,"column":2431},"end":{"line":67,"column":2}},"line":1}},"f":{"0":0}}
,"/Users/artem_reva/projects/wordspark-linguify-learn/supabase/functions/translate-word/index.ts": {"path":"/Users/artem_reva/projects/wordspark-linguify-learn/supabase/functions/translate-word/index.ts","all":true,"statementMap":{"0":{"start":{"line":1,"column":0},"end":{"line":1,"column":46}},"1":{"start":{"line":2,"column":0},"end":{"line":2,"column":69}},"2":{"start":{"line":3,"column":0},"end":{"line":3,"column":71}},"4":{"start":{"line":5,"column":0},"end":{"line":5,"column":22}},"5":{"start":{"line":6,"column":0},"end":{"line":6,"column":33}},"6":{"start":{"line":7,"column":0},"end":{"line":7,"column":31}},"7":{"start":{"line":8,"column":0},"end":{"line":8,"column":27}},"8":{"start":{"line":9,"column":0},"end":{"line":9,"column":7}},"9":{"start":{"line":10,"column":0},"end":{"line":10,"column":3}},"11":{"start":{"line":12,"column":0},"end":{"line":12,"column":7}},"12":{"start":{"line":13,"column":0},"end":{"line":13,"column":70}},"14":{"start":{"line":15,"column":0},"end":{"line":15,"column":54}},"15":{"start":{"line":16,"column":0},"end":{"line":16,"column":22}},"16":{"start":{"line":17,"column":0},"end":{"line":17,"column":75}},"18":{"start":{"line":19,"column":0},"end":{"line":19,"column":5}},"20":{"start":{"line":21,"column":0},"end":{"line":21,"column":52}},"22":{"start":{"line":23,"column":0},"end":{"line":23,"column":94}},"24":{"start":{"line":25,"column":0},"end":{"line":25,"column":90}},"26":{"start":{"line":27,"column":0},"end":{"line":27,"column":33}},"27":{"start":{"line":28,"column":0},"end":{"line":28,"column":111}},"28":{"start":{"line":29,"column":0},"end":{"line":29,"column":7}},"29":{"start":{"line":30,"column":0},"end":{"line":30,"column":23}},"30":{"start":{"line":31,"column":0},"end":{"line":31,"column":18}},"31":{"start":{"line":32,"column":0},"end":{"line":32,"column":45}},"32":{"start":{"line":33,"column":0},"end":{"line":33,"column":10}},"33":{"start":{"line":34,"column":0},"end":{"line":34,"column":30}},"34":{"start":{"line":35,"column":0},"end":{"line":35,"column":21}},"35":{"start":{"line":36,"column":0},"end":{"line":36,"column":13}},"36":{"start":{"line":37,"column":0},"end":{"line":37,"column":22}},"37":{"start":{"line":38,"column":0},"end":{"line":38,"column":17}},"38":{"start":{"line":39,"column":0},"end":{"line":39,"column":31}},"39":{"start":{"line":40,"column":0},"end":{"line":40,"column":18}},"41":{"start":{"line":42,"column":0},"end":{"line":42,"column":14}},"42":{"start":{"line":43,"column":0},"end":{"line":43,"column":12}},"43":{"start":{"line":44,"column":0},"end":{"line":44,"column":29}},"44":{"start":{"line":45,"column":0},"end":{"line":45,"column":29}},"45":{"start":{"line":46,"column":0},"end":{"line":46,"column":21}},"46":{"start":{"line":47,"column":0},"end":{"line":47,"column":23}},"47":{"start":{"line":48,"column":0},"end":{"line":48,"column":33}},"48":{"start":{"line":49,"column":0},"end":{"line":49,"column":29}},"49":{"start":{"line":50,"column":0},"end":{"line":50,"column":32}},"50":{"start":{"line":51,"column":0},"end":{"line":51,"column":14}},"51":{"start":{"line":52,"column":0},"end":{"line":52,"column":12}},"52":{"start":{"line":53,"column":0},"end":{"line":53,"column":11}},"53":{"start":{"line":54,"column":0},"end":{"line":54,"column":7}},"56":{"start":{"line":57,"column":0},"end":{"line":57,"column":23}},"57":{"start":{"line":58,"column":0},"end":{"line":58,"column":64}},"58":{"start":{"line":59,"column":0},"end":{"line":59,"column":67}},"59":{"start":{"line":60,"column":0},"end":{"line":60,"column":65}},"60":{"start":{"line":61,"column":0},"end":{"line":61,"column":66}},"61":{"start":{"line":62,"column":0},"end":{"line":62,"column":5}},"63":{"start":{"line":64,"column":0},"end":{"line":64,"column":39}},"64":{"start":{"line":65,"column":0},"end":{"line":65,"column":76}},"66":{"start":{"line":67,"column":0},"end":{"line":67,"column":23}},"67":{"start":{"line":68,"column":0},"end":{"line":68,"column":66}},"68":{"start":{"line":69,"column":0},"end":{"line":69,"column":5}},"70":{"start":{"line":71,"column":0},"end":{"line":71,"column":24}},"71":{"start":{"line":72,"column":0},"end":{"line":72,"column":22}},"72":{"start":{"line":73,"column":0},"end":{"line":73,"column":20}},"73":{"start":{"line":74,"column":0},"end":{"line":74,"column":9}},"74":{"start":{"line":75,"column":0},"end":{"line":75,"column":7}},"75":{"start":{"line":76,"column":0},"end":{"line":76,"column":18}},"76":{"start":{"line":77,"column":0},"end":{"line":77,"column":25}},"77":{"start":{"line":78,"column":0},"end":{"line":78,"column":45}},"78":{"start":{"line":79,"column":0},"end":{"line":79,"column":10}},"79":{"start":{"line":80,"column":0},"end":{"line":80,"column":7}},"81":{"start":{"line":82,"column":0},"end":{"line":82,"column":19}},"82":{"start":{"line":83,"column":0},"end":{"line":83,"column":62}},"83":{"start":{"line":84,"column":0},"end":{"line":84,"column":24}},"84":{"start":{"line":85,"column":0},"end":{"line":85,"column":22}},"85":{"start":{"line":86,"column":0},"end":{"line":86,"column":29}},"86":{"start":{"line":87,"column":0},"end":{"line":87,"column":9}},"87":{"start":{"line":88,"column":0},"end":{"line":88,"column":7}},"88":{"start":{"line":89,"column":0},"end":{"line":89,"column":20}},"89":{"start":{"line":90,"column":0},"end":{"line":90,"column":18}},"90":{"start":{"line":91,"column":0},"end":{"line":91,"column":25}},"91":{"start":{"line":92,"column":0},"end":{"line":92,"column":45}},"92":{"start":{"line":93,"column":0},"end":{"line":93,"column":10}},"93":{"start":{"line":94,"column":0},"end":{"line":94,"column":7}},"95":{"start":{"line":96,"column":0},"end":{"line":96,"column":3}},"96":{"start":{"line":97,"column":0},"end":{"line":97,"column":3}}},"s":{"0":0,"1":0,"2":0,"4":0,"5":0,"6":0,"7":0,"8":0,"9":0,"11":0,"12":0,"14":0,"15":0,"16":0,"18":0,"20":0,"22":0,"24":0,"26":0,"27":0,"28":0,"29":0,"30":0,"31":0,"32":0,"33":0,"34":0,"35":0,"36":0,"37":0,"38":0,"39":0,"41":0,"42":0,"43":0,"44":0,"45":0,"46":0,"47":0,"48":0,"49":0,"50":0,"51":0,"52":0,"53":0,"56":0,"57":0,"58":0,"59":0,"60":0,"61":0,"63":0,"64":0,"66":0,"67":0,"68":0,"70":0,"71":0,"72":0,"73":0,"74":0,"75":0,"76":0,"77":0,"78":0,"79":0,"81":0,"82":0,"83":0,"84":0,"85":0,"86":0,"87":0,"88":0,"89":0,"90":0,"91":0,"92":0,"93":0,"95":0,"96":0},"branchMap":{"0":{"type":"branch","line":1,"loc":{"start":{"line":1,"column":0},"end":{"line":97,"column":-501}},"locations":[{"start":{"line":1,"column":0},"end":{"line":97,"column":-501}}]}},"b":{"0":[0]},"fnMap":{"0":{"name":"(empty-report)","decl":{"start":{"line":1,"column":0},"end":{"line":97,"column":-501}},"loc":{"start":{"line":1,"column":0},"end":{"line":97,"column":-501}},"line":1}},"f":{"0":0}}
}
